0000000 454e 1a53 0101 0000 0000 0000 0000 0000
0000010 7020 0006 6420 0006 7820 0006 b720 0004
0000020 bc20 0001 0801 0802 0002 0105 0200 0101
0000030 0501 0501 0201 0201 60db 55e2 2014 f901
0000040 e0a0 1030 0110 0150 d030 ffff c63e c657
0000050 c6e1 c760 c77d c6e4 c6f1 c753 c708 c719
0000060 c71c c735 c74e c08c c0cf c161 0460 c0c3
0000070 c0df c16e c2c4 c2c8 c186 c1b0 c192 c1cf
0000080 c1d5 c1db c1e1 c19e c1e7 c60c c670 c689
0000090 c625 c6a2 00cc c18e c196 c6a6 d800 0000
00000a0 0001 d780 1804 fe06 bcc8 e804 fe09 9e20
00000b0 1804 fe09 80c8 e804 fe09 6220 1804 fe09
00000c0 44c8 e804 fe06 2880 0004 fe01 9ebc 6280
00000d0 2844 00ff 8000 0000 1800 0000 1000 e000
00000e0 00bc 9e10 e000 0080 6210 e000 0044 00fe
00000f0 1000 c803 08bc 80c8 b804 1074 5868 c814
0000100 0444 cf60 700c 009b 9e30 5004 0885 7d80
0000110 3000 0462 6058 9000 1828 00fe 0800 001d
0000120 0800 0017 0800 0018 0800 0009 0800 000b
0000130 0800 0007 0800 c819 00bc 9b70 3000 009e
0000140 80c8 8000 007d 6230 5800 0060 44c8 9000
0000150 0028 00fe 0800 240d 5424 6054 6460 6064
0000160 2460 6824 6868 6868 2468 2424 5454 0054
0000170 6000 00b7 7b50 b800 005c 4068 fe00 0000
0000180 1808 a7ca 6b8e 5c51 4c2c 642c aac6 6d8c
0000190 c44d 7c6c c454 1108 110a 1008 110a 0f08
00001a0 110a 0105 090c 0505 0a0a 1008 1008 0404
00001b0 0d0c 140c 101c 2018 0503 0302 0000 0403
00001c0 0000 0808 e010 e010 e00c e808 0201 0804
00001d0 2010 8040 3013 6048 9078 c0a8 13e0 4cdb
00001e0 886a c5a6 53fe 8f6b caa7 52fe 8c6e c5ac
00001f0 52fe 8e6c caa8 00fe 0806 1908 3430 3430
0000200 3430 3c38 3c3c 0402 0402 0507 0907 0003
0000210 0400 0108 0302 5004 7060 9080 d80e 0e18
0000220 04c8 c886 a604 00c0 b8be d600 04b0 b04e
0000230 0e04 04a0 a0de c600 0098 90ae 9600 1488
0000240 78c6 0e0c 0470 7046 8e08 0468 60ae c600
0000250 0058 50de 6600 1040 2886 fe00 78b0 4060
0000260 ff28 0000 0014 0000 001c 0000 0024 0000
0000270 002c 0000 0054 0000 0012 0000 00e4 a018
0000280 200c 1070 7050 6014 1470 6898 c808 0878
0000290 a0e0 e000 0c50 40b0 9008 0428 00fe 0800
00002a0 0010 0800 0018 0800 0020 0800 0028 0800
00002b0 0030 0800 1840 00a0 7020 5000 0070 7060
00002c0 9800 0068 78c8 e000 00a0 50e0 b000 0040
00002d0 2890 fe00 0104 0e1b 0100 0112 3830 4840
00002e0 5850 0000 1509 0018 5f4c 5c03 035f 67c4
00002f0 4c03 139f 9f5c c413 1387 3fdc dc03 1367
0000300 d806 0600 00b8 9016 1e04 0868 4026 fe0c
0000310 90b8 4068 ff28 0000 00f5 0000 00d5 0000
0000320 00c5 0000 00b5 b810 7800 00b8 b8e8 1800
0000330 0490 9060 9804 0490 90e0 2004 0468 6880
0000340 d804 0468 4028 4804 0440 40b0 d004 0440
0000350 00fe 0800 0020 0800 1028 00b8 b878 e800
0000360 00b8 9018 6000 0090 9098 e000 0090 6820
0000370 8000 0068 68d8 2800 0040 4048 b000 0040
0000380 40d0 fe00 0900 331e 5448 a70c 7403 03a7
0000390 a7e4 0c03 13c7 c774 e413 13c7 7f14 5c03
00003a0 037f 7f94 dc03 037f 571c 7c03 0357 57d4
00003b0 1403 13a7 a75c 9413 13a7 a7dc 2413 032f
00003c0 2f44 ac03 032f 2fcc 1c03 137f 7f7c d413
00003d0 137f 5724 4413 1357 57ac cc13 1357 c708
00003e0 a710 7f18 5720 c7e8 a7e0 7fd8 57d0 ac34
00003f0 bc44 0305 0b0d 0cd4 0ce4 4b5d c3cd 435d
0000400 c3e5 03ed 4924 7777 7777 ffff 0c0b 150d
0000410 1716 1918 1e1a ff1f ffff 0101 0101 ffff
0000420 0101 e3e4 d8e2 d6d7 d4d5 d0d3 48cf c084
0000430 8d50 20c7 78c0 2860 6b44 3320 37c4 3bc4
0000440 3fc4 00c4 1000 0008 1000 0008 6000 0010
0000450 2a00 b020 78a0 6868 8888 8888 4888 2838
0000460 1818 bbbb 2f5e 8813 6478 4956 8888 5524
0000470 8855 4988 5555 2040 0810 8c01 0cc0 0cc2
0000480 f0c2 c3c2 0cc0 52c2 06c2 e3c3 0cc0 6ec2
0000490 16c2 0bc3 0cc1 8dc2 41c2 27c3 0cc1 a5c2
00004a0 49c2 bcc3 0cc0 4cc2 00c2 0cc3 d2c2 74c2
00004b0 0cc3 d8c2 7ac2 5bc3 d9f5 cdf8 1cf7 d9f7
00004c0 1bf8 00fa 0100 e806 5004 d518 e812 5000
00004d0 db20 f022 0000 0300 302c 2004 f67f d021
00004e0 2000 f646 d821 0000 0100 c004 0004 0000
00004f0 0004 3004 04c7 0022 0000 0200 1008 0004
0000500 0200 e002 fe04 0000 0601 04e8 1850 12d5
0000510 00e8 2050 22db 00f0 0000 0c03 0430 7830
0000520 12a0 0030 a830 12a0 0038 4930 12a0 0040
0000530 7070 12a0 0048 a070 12a0 0050 d770 12a0
0000540 0058 0000 0223 0440 0000 0223 0458 0000
0000550 0400 0400 b710 2204 0000 0000 0802 0410
0000560 9f4c 2298 0010 67cc 2298 0020 0000 0c03
0000570 0460 0000 1601 0490 00fe 0100 e806 5004
0000580 d518 e812 5000 db20 f022 0000 0300 d004
0000590 1404 f66e d021 7c00 f646 d821 0000 0100
00005a0 5020 0004 0000 0004 3804 04c7 0022 0000
00005b0 0200 1010 fe04 c4b3 c4f6 c4f6 c569 7f7f
00005c0 007f 3f5f 2f00 7f7f a900 81a9 5981 3159
00005d0 0031 4c30 00d5 e010 2400 c050 3b00 3bb3
00005e0 3bb3 38b3 00b3 2222 0022 2121 2000 2222
00005f0 2200 2222 2122 2121 0621 1b0a 8200 001c
0000600 0ac5 0018 f7e8 5748 b7a8 1708 0400 0b07
0000610 0301 0805 d1d0 d3d2 8d84 8d84 7646 7877
0000620 7a79 7c7b 7e7d 807f 8281 8483 2485 8624
0000630 2487 2424 4688 9c24 9e9d a09f a2a1 a4a3
0000640 a6a5 a8a7 aaa9 acab aead af24 b1b0 2446
0000650 2424 2489 8a24 8c8b 8e8d 908f 9291 9493
0000660 9695 9897 9a99 469b b224 9e68 b6b5 c76c
0000670 a4a3 a669 a8a7 aa6b cac9 bf6d cd24 b16a
0000680 c246 24c3 c49e c6c5 a3c7 a5b9 a7a6 6bbb
0000690 c9c8 cbca 24cc cecd 46cf b224 b4b3 b6b5
00006a0 b8b7 b9a3 ba69 bba7 aaa9 bdbc bfbe c1c0
00006b0 b124 2c13 1316 1613 3730 db23 a042 ca21
00006c0 244c ea21 240c 1924 0a15 0e22 241b 2466
00006d0 0024 e223 0804 0a0a 2202 4c0a 2224 0c2a
00006e0 1024 160a 240e 1824 0e1f 241b 4a22 244c
00006f0 1200 2424 6320 245b 9420 244a b420 244a
0000700 2100 4e09 2124 4ea9 2224 4e49 2224 4ee9
0000710 3f24 031d 3630 0006 8d20 2446 ad20 2446
0000720 cd20 2446 ed20 2446 1200 aaaa 2446 dc24
0000730 d4dd ded5 d6df e0d7 d8e1 e2d9 dae3 e4db
0000740 24e5 e624 46e7 e9e8 ebea edec efee f024
0000750 f2f1 f324 f5f4 f7f6 f9f8 fbfa fdfc 0821
0000760 6250 2300 4e09 2362 4e29 2362 4e49 0062
0000770 c520 2442 ca20 2442 ea20 2442 e520 2442
0000780 0a22 2442 2a22 2442 1822 2442 2200 4238
0000790 2124 c429 2124 c436 2124 c4d0 2224 c46c
00007a0 2224 c473 2324 c30f 0024 01ff ff01 d878
00007b0 10a9 008d a220 9aff 02ad 2920 f080 a0f9
00007c0 8407 a001 8400 a900 9100 8800 fbd0 01c6
00007d0 f710 e720 a9c7 8d7f 0511 18a9 5185 01a9
00007e0 4e85 5585 00a9 4f85 10a5 8049 008d 8520
00007f0 2010 f4ed e14c a9c7 8d10 2000 1085 06a9
0000800 018d 8520 a911 8d00 2005 1285 058d 8520
0000810 2013 cbae b74c aacb a7bd 85c4 bd00 c4a8
0000820 0185 284c aaf2 3cbd 85c0 bd02 c03d 0385
0000830 d74c aaf2 3cbd 85c0 bd00 c03d 0185 764c
0000840 aacd 3cbd 85c0 bd04 c03d 0585 44bd 85c0
0000850 bd06 c045 0785 aa60 3cbd 85c0 bd02 c03d
0000860 0385 aa60 3cbd 85c0 bd08 c03d 0985 4860
0000870 10a5 7f29 008d 8520 a910 8d00 2003 02a9
0000880 148d a940 8531 a900 8503 2001 f228 00a9
0000890 308d 8d03 0331 0e20 a5f5 4911 8d18 2001
00008a0 4820 a5fa d04e a52a f04f a539 d09a 2006
00008b0 ce7c d74c adc8 044f 08c9 28d0 f420 a5cc
00008c0 d043 a924 8d00 044f 4f85 79a9 4385 d74c
00008d0 a5c8 d055 2006 ca30 d74c 20c8 c8f3 ac20
00008e0 4cf4 c8d7 c920 adca 0505 01c9 0ad0 51a5
00008f0 0085 3c20 cef2 0505 10a5 8049 008d 8520
0000900 6810 ad40 0102 06d0 158d 8d40 0100 18ad
0000910 d005 a911 8580 a9fd 8d04 0518 0fa9 158d
0000920 8d40 0100 10ad d005 2027 d19a 08a9 0720
0000930 adc8 0511 008d a902 8da2 0201 00a9 028d
0000940 8502 a958 8d38 0203 108d a905 8520 6044
0000950 15a5 2029 17d0 15a5 1029 3ed0 00a9 128d
0000960 a505 d044 a907 8501 4c58 c9b1 a960 8540
0000970 ad44 0512 1fd0 40a9 3585 00ad 1802 1069
0000980 bfc9 02d0 7fa9 008d 8d02 0511 12ee a905
0000990 8d0a 0513 a560 d035 6000 148d a205 a90a
00009a0 9500 ca24 fbd0 11ad 4a05 4a4a 384a 07e9
00009b0 5085 02c9 0730 1ca9 5185 b14c a9c9 8518
00009c0 a551 2950 0a01 bdaa 0507 2185 08bd 8505
00009d0 a922 850f a918 8513 a919 8500 8d4e 0406
00009e0 078d 8504 8d4f 0510 0b8d 8d05 0512 01a9
00009f0 5385 008d 8d04 0401 00a9 5485 028d 8d04
0000a00 0403 00a9 5285 088d 8d04 0409 fc85 03a9
0000a10 58a6 02f0 01a9 5585 048d 8d04 0405 0b8d
0000a20 a504 d058 a911 8597 a943 8501 a9fd 8d0f
0000a30 4015 008d 6001 18ce a905 8575 4c43 cbae
0000a40 ac20 a5f4 d058 a513 c943 f075 c91d f074
0000a50 c91e f073 c91f f05f 6030 5585 00a9 5885
0000a60 108d 2005 cbb7 ae20 60cb 43c6 ae4c c6cb
0000a70 4c43 cbca 43c6 50a5 0129 aa0a 21a5 079d
0000a80 a505 9d22 0508 f54c a6cb a952 9d01 0406
0000a90 4e85 51a5 1cc9 0cd0 52a5 0149 bdaa 0406
0000aa0 4e85 05f0 5585 534c a9ca 8585 8d43 040b
0000ab0 00a0 4f84 5286 a94c a0ca bd00 0400 5399
0000ac0 e800 c8e8 03c0 f3d0 a060 b900 0053 009d
0000ad0 e804 c8e8 03c0 f3d0 2060 f4ac 53a5 01c9
0000ae0 06f0 43a5 84c9 2af0 43a5 72c9 3ab0 6dc9
0000af0 05f0 62c9 14f0 ad60 040b 0af0 00a9 0b8d
0000b00 c604 2055 cbbd 3420 60cc 01a9 4f85 4720
0000b10 60cc 52a6 53a5 00dd f004 c90a f001 2006
0000b20 cc24 0420 c6cc 6043 1b4c c9cb f07a c911
0000b30 f075 c916 f074 c90f f073 c92d f072 6018
0000b40 5320 20ca cbca 43c6 2060 cbb7 43c6 58a5
0000b50 04d0 08a9 fd85 c660 a643 ca53 08bd 85c6
0000b60 a900 8520 4c01 eba6 9a20 a6d1 ca53 0a8a
0000b70 0720 a9c8 200a c807 51a5 1cc9 0df0 76a9
0000b80 0085 20a9 0185 04a9 1520 a9c8 8d01 0505
0000b90 3220 20d0 cbbd bca9 0085 54a4 20c8 f4c2
0000ba0 00a9 2c85 80a9 c088 1004 b903 c207 2e85
0000bb0 0da9 4585 02a9 0085 3c20 c6f2 6043 00a9
0000bc0 0485 ffa9 924c 20f0 d19a b44c a9f1 85b5
0000bd0 a900 8520 a401 4c55 f4c2 58a5 26d0 51a5
0000be0 1cc9 20d0 52a6 53a5 00dd d004 a017 b900
0000bf0 c6aa 3199 f003 c804 df4c a5cb f052 a905
0000c00 8d67 0345 a060 b900 c6c2 3199 f003 c804
0000c10 f74c 60cb 58a5 1bd0 52a6 08bd d004 8a14
0000c20 18a8 0a0a b5aa c925 9002 9908 0408 55e6
0000c30 bd20 60cb 2ea5 0085 52a5 0809 0185 4220
0000c40 4cf3 d032 01a9 058d 2005 d032 00a9 0b8d
0000c50 2005 ccc1 f24c a9d7 aa00 5995 0d9d e804
0000c60 89e0 f6d0 01a9 5985 9685 3e8d 8d04 0451
0000c70 528d 8504 8d9f 0503 04a9 9785 58a9 3d8d
0000c80 a904 8520 a9a2 8580 a918 850a a634 2052
0000c90 cab9 bba9 3985 27a9 4485 53a5 01c9 09f0
0000ca0 03c9 12f0 10a9 fc85 a960 8538 a936 8540
0000cb0 a943 8502 60fc 20a9 3685 50a9 3f8d 8d04
0000cc0 0441 438d a904 8d03 0440 428d 8d04 0444
0000cd0 a560 3853 01e9 aa0a a6bd 85c5 bd09 c5a7
0000ce0 0a85 00a2 00a0 09b1 fec9 17f0 0095 e8c8
0000cf0 05e0 f2d0 8684 09b1 9620 a4f0 c886 00a2
0000d00 d64c 60cc 50ad d004 a90e 8d01 0450 0aa9
0000d10 3485 10a9 fd85 a560 c943 9058 2006 f4ac
0000d20 224c 20cd cc24 0420 a9cc 8500 8543 4c9a
0000d30 ca53 43a5 9fc9 1df0 9ec9 1ef0 9dc9 1ff0
0000d40 9cc9 24f0 9bc9 29f0 90c9 2ab0 86c9 29b0
0000d50 70c9 28b0 c660 4c43 cd6f 43c6 7f4c a0cd
0000d60 c61c a943 4c06 c823 1ca0 43c6 08a9 234c
0000d70 c6c8 4c43 cd89 9d4c 4ccd cdb1 244c a0ce
0000d80 a90c 4c0a c823 00b1 3199 8803 f810 2060
0000d90 cbae 16a0 0ca9 234c a0c8 a90c 200e c823
0000da0 03a9 0285 18a9 0385 50a9 8c4c a9f0 858d
0000db0 a900 8520 a501 2943 f001 4c03 eb89 924c
0000dc0 c9eb d08f c622 a043 a910 2010 c823 01a9
0000dd0 fe85 68a9 0085 3ea9 0185 40a9 0285 46a9
0000de0 0385 50a9 804c adf0 0250 a0c9 11f0 ffc9
0000df0 11f0 6918 8502 ad01 0253 0085 ca4c a9cd
0000e00 8580 a9fe 8518 a903 2050 f08c eba9 0085
0000e10 23a9 0185 12a9 1520 a9c8 4c01 ce0e a908
0000e20 858d a900 8522 2801 05d0 16a9 154c a9c8
0000e30 4c14 c815 85c9 07f0 43a5 0129 0e4c a9ce
0000e40 8504 a0fd a904 2018 c823 78a9 0085 20a9
0000e50 0185 c8a9 0285 22a9 0385 b0a9 8020 c6f0
0000e60 a943 85a0 a900 8530 a901 2004 ead4 00a9
0000e70 8620 a9f0 8d28 02e8 ec8d a902 8d30 02f0
0000e80 f88d a902 8d38 02f4 fc8d 6002 58a5 14f0
0000e90 02ad d001 8d06 4015 008d a501 2915 f020
0000ea0 4c03 cf2b 16ad d005 ad15 0517 04f0 17ce
0000eb0 6005 0420 20cc cfa8 9aa5 01c9 03d0 1c4c
0000ec0 a5cf f0bf 4c03 cf13 96a5 ffc9 03d0 194c
0000ed0 c9cf f008 c911 f004 a50d f058 2006 ebda
0000ee0 d64c 20ce d175 0620 20eb ebb6 4120 20d0
0000ef0 d1a4 5f20 20ea e1e5 7920 a5ee c953 f003
0000f00 c910 f004 2018 da16 9a20 20e1 ec29 1c4c
0000f10 20cf e834 8120 20e9 ec29 1c4c 20cf ec29
0000f20 1c4c 20cf ee0c 1c4c 20cf d0c0 4220 adcf
0000f30 0516 06d0 4c20 20d0 f4ac a960 8501 8d4e
0000f40 0512 5585 20a9 4485 00a9 5885 108d 4c05
0000f50 ca53 15a5 1029 47f0 58a5 09f0 00a9 5885
0000f60 15a5 8a4c a5c9 cd15 0514 36f0 148d ad05
0000f70 0516 16f0 17ad d005 8d10 0516 0fa5 fc85
0000f80 11a5 ef29 1185 874c 60cf 01a9 168d a505
0000f90 85fc a90f 8500 a9fc 8d40 0517 fd85 8d60
0000fa0 0514 17ad f005 ce04 0517 ad60 0516 01d0
0000fb0 a560 0911 8510 6011 00a2 00a0 41b5 08d0
0000fc0 ffa9 c099 9902 02c4 c8e8 c8c8 c8c8 c8c8
0000fd0 e0c8 3002 60e7 00a0 0f84 0820 b9d0 02c0
0000fe0 ffc9 25d0 05a5 c399 1802 0869 c799 a502
0000ff0 9906 02c0 c499 bd02 c604 c199 a902 99d4
0001000 02c5 0fa6 03a9 4195 c860 c8c8 c8c8 c8c8
0001010 e6c8 c00f 3010 60c6 488a 4898 58a5 1ad0
0001020 52a5 1809 0185 00bd 85c6 a500 4805 06a5
0001030 2048 f342 8568 6806 0585 3220 68d0 68a8
0001040 60aa 05ad 0905 8d01 0505 f9a9 0085 354c
0001050 a5f4 c92e 1010 a904 8520 60fc 9aa5 42d0
0001060 53a6 04e0 0df0 5aa5 65f0 bdca c1fa 59c5
0001070 12f0 a260 b500 f0c1 e856 4f8e e004 d008
0001080 4cf4 d086 e120 a9ea 2004 ead4 cd20 20ea
0001090 f088 02a9 fd85 00a9 fc85 01a9 9a85 00a9
00010a0 3a85 3aa5 29d0 53e6 53a5 02c9 07f0 05c9
00010b0 08b0 b54c e6d0 4c53 d0b5 01a9 5385 54e6
00010c0 a0a9 4385 a960 858d a943 8500 854f 609a
00010d0 00a9 fc85 10a9 e620 f0d9 a56d c998 f0ff
00010e0 a55f d098 a50f d058 a904 8580 a9fe 8540
00010f0 e63a 6098 3aa5 10f0 0ec9 4c90 58a5 04d0
0001100 01a9 ff85 00a9 3a85 01ad c902 b06c a902
0001110 186c 0469 7cc9 1790 98e6 98a5 05c9 05f0
0001120 6ca9 1f4c a5d1 f058 a904 857d a93a 857c
0001130 2002 eae1 cd20 20ea f082 98a5 05c9 08d0
0001140 ffa9 9885 3aa5 01f0 a660 2052 cab9 55a5
0001150 09d0 01a9 4e85 87a9 4385 a560 c951 d01c
0001160 a518 4952 aa01 5286 06bd f004 8a09 0149
0001170 86aa 4c52 d169 a920 a9ca 8587 8d43 040b
0001180 00a9 4f85 a560 0a52 b5aa 2915 850f f056
0001190 4a08 d04a a504 8556 a557 c996 d001 b50a
00011a0 2915 f080 a904 8504 6096 11a5 e729 018d
00011b0 8520 6011 96a5 01c9 11f0 02c9 15f0 04c9
00011c0 14f0 08c9 13f0 0ac9 12f0 2060 d1cf 96a5
00011d0 aa4c 4cd1 d37e 474c 4cd5 d697 c64c a5d6
00011e0 c956 f001 c910 f002 c90c f004 c905 f008
00011f0 6001 8b4c a9d2 85db a90a 2036 d9e8 03d0
0001200 754c 20d2 d990 01f0 a560 c956 f002 ee06
0001210 0203 084c ced2 0203 cb20 85d2 ad5a 0200
0001220 1620 85e0 2059 d8eb 19f0 53a6 01e0 07d0
0001230 6d18 0200 008d 2002 d36a 00c9 05f0 08a9
0001240 9685 a560 d09b a907 8501 4c9b d275 08a9
0001250 ff85 00a9 9b85 97a5 18f0 08c9 1ff0 04a9
0001260 9785 85a5 05f0 00a9 5d4c a9d2 8508 4c97
0001270 d275 04a9 9785 00a9 8585 754c a9d2 8504
0001280 a997 8501 2085 eae1 97a5 0285 cd20 a5ea
0001290 c956 f002 4c03 f082 884c 20f0 eae1 86a9
00012a0 0285 c1a9 0385 eb20 a5ef 3853 01e9 aa0a
00012b0 7bbd 85c4 bd04 c47c 0585 83bd 85c4 bd06
00012c0 c484 0785 ad20 f0d8 a511 3800 04e9 a185
00012d0 02a9 9685 00a9 5b85 5c85 2060 eae1 96a5
00012e0 04c9 09f0 08c9 05f0 2ca9 df4c a9d2 204a
00012f0 efe8 53a5 01c9 08f0 e938 0a01 4caa d2fd
0001300 1aa9 3120 20c8 d91a 0c85 234c bdd3 c46b
0001310 0485 6cbd 85c4 bd05 c473 0685 74bd 85c4
0001320 2007 d8ad 0c85 0bd0 53a5 03c9 05d0 2620
0001330 85d3 a50c 600c 2aa9 4720 a9c8 8500 a5d2
0001340 c9d2 f006 aa30 ccbc b9c2 0200 ffc9 0ef0
0001350 0185 03b9 8502 2000 efef 01c9 05f0 d2e6
0001360 2f4c a5d3 c9d2 b003 a905 4c01 d360 02a9
0001370 da85 01a9 a960 8500 60da 53a5 01c9 03f0
0001380 7b4c a9d3 201c c831 ad4c a9d8 6001 56a5
0001390 08c9 0af0 04c9 03f0 cf4c 4cd4 d432 5aa5
00013a0 0af0 e120 c6ea 2001 d50a 31d0 24a9 0a85
00013b0 49a9 e820 d0d9 ad08 0200 0185 cf4c 20d4
00013c0 d50a 33f0 02c9 03d0 cf4c a5d4 f05b 1811
00013d0 0169 10c9 0cf0 0a90 10a9 d24c 4cd3 d4cf
00013e0 01a9 5b85 caaa 47bd 85c1 a902 8500 855a
00013f0 205c d4ee 0d4c a5d4 f05c 180e 0169 06c9
0001400 09f0 0790 01a9 fb4c a9d3 8502 aa5c bdca
0001410 c159 0285 00a9 5a85 5b85 ee20 a5d4 85a1
0001420 8d00 0203 d120 a9ea 8500 a504 c902 f054
0001430 a905 4c00 d42c 24a9 0285 01a9 9620 4cf0
0001440 d4cf 5aa5 0ff0 e120 e6ea 2001 d50a 01c9
0001450 03f0 cf4c a9d4 8524 a90a 8549 200b d9e6
0001460 08d0 00ad 8502 4c01 d4cf 0a20 f0d5 c92c
0001470 f002 a528 f05b 380a 01e9 01c9 0890 784c
0001480 a9d4 4c0d d478 01a9 5b85 caaa 47bd 85c1
0001490 a902 8503 205c d4f9 b14c a5d4 f05c 180e
00014a0 0169 06c9 09f0 0790 01a9 9f4c a9d4 8501
00014b0 385c 01e9 bdaa c159 0285 00a9 5b85 f920
00014c0 a5d4 8da1 0203 0085 cd20 a5ea c902 f054
00014d0 a905 4c00 d4cc 24a9 0285 01a9 9620 20f0
00014e0 d2cb 5a85 17f0 00ad 1802 0869 1620 85e0
00014f0 a959 8501 a996 8500 855c 855b 6085 00ad
0001500 3802 01e9 0185 014c add5 0200 6918 8501
0001510 2901 d006 a904 8508 60ff e120 a9ea 202c
0001520 efe8 53a5 e938 0a01 bdaa c48b 0485 8cbd
0001530 85c4 a905 8543 a906 85c1 2007 d8ad 0885
0001540 53a5 01c9 0ed0 1ea9 3120 20c8 d8ad 04f0
0001550 02a9 0885 08a5 a960 20ff d9e6 00c9 01d0
0001560 a560 c994 90f0 4c03 d60d 9020 f0d9 a511
0001570 c956 d001 a905 4c02 d56c 01a9 5685 5785
0001580 00ad 8502 a901 2000 ef72 01a5 008d a502
0001590 c956 f001 c907 f002 4c18 d5b3 9ea5 0af0
00015a0 03ee a902 8500 4c9e d5b3 01a9 9e85 b34c
00015b0 a5d5 f09e ce0a 0203 00a9 9e85 b34c a9d5
00015c0 8501 ad9e 0203 0085 0020 a5d8 f094 a523
00015d0 3801 10e9 95c5 0490 ffa9 9585 cb20 85d2
00015e0 f05a a51e 384b 11e9 008d a902 8501 4c5a
00015f0 d5f6 04a9 ff85 01a9 9485 01a5 9585 f14c
0001600 a9d5 4c28 f070 e120 a9ea 852c 2002 eacd
0001610 57a5 0329 204a f096 f0a9 9485 e660 a594
0001620 c994 d0f4 a53a c995 f0ff a927 2004 f070
0001630 00a9 2c8d 8504 8594 a995 8501 a596 f0a0
0001640 a91e 8501 a99f 854b a93f 850a a996 8540
0001650 60fc 00a9 2c8d 8504 8594 a995 85ff 6096
0001660 fea9 728d 8d04 0473 00a2 60a0 00b9 c902
0001670 f0ff 9d0f 0461 03b9 3802 08e9 609d 4c04
0001680 d67a 00a9 619d 9d04 0460 1898 0869 e8a8
0001690 e8e8 90c0 d6d0 20a9 3120 20c8 d8ad 06f0
00016a0 08a9 9685 01a9 a960 20ff d9e6 27f0 e120
00016b0 e6ea e601 a501 c957 f002 ad06 0201 b74c
00016c0 add6 0201 e938 8502 2002 f075 cb20 f0d2
00016d0 a904 85ff 6096 3fa5 03d0 bf4c a9d7 85db
00016e0 a90a 2036 d9e8 01d0 2060 d990 0ad0 56a5
00016f0 01c9 26f0 02c9 28f0 a2a5 850a f0a2 4c03
0001700 d753 20a9 a285 9fa5 04f0 04c9 0590 02a9
0001710 054c a9d7 8505 4c9f d753 03ee 4c02 d713
0001720 03ce 2002 d2cb 5a85 00ad 2002 e016 5985
0001730 eb20 f0d8 a619 e053 d001 1807 006d 8d02
0001740 0200 6a20 f0d3 a907 8508 4c96 d7bf 08a9
0001750 ff85 9fa5 09f0 06c9 05b0 9fe6 534c a9d7
0001760 8501 a69f ca9f a2bd 20c1 f070 9fa5 4a4a
0001770 05f0 00a9 694c a9d7 f001 a91b 1804 036d
0001780 8502 ad00 0200 e938 850e a901 8521 a903
0001790 85f6 4c02 d7ad 57a5 01c9 09d0 0ea9 6d18
00017a0 0203 9b4c add7 0203 e938 850e a900 1806
00017b0 006d 8502 a901 8512 a903 85fa a502 c9a0
00017c0 f001 a905 4cd8 d7ba d0a9 0485 784c a9f0
00017d0 8512 a503 c9a0 f001 a90a 8d00 0452 d8a9
00017e0 da4c a9d7 8d00 0451 d0a9 0485 9420 20f0
00017f0 d7f2 01a9 9685 00a9 a085 9f85 19ad 8505
0001800 60fc 19a9 0085 3fa9 0185 4ea9 1520 60c8
0001810 a0a5 01f0 a460 c053 d003 4c03 d8a8 03ad
0001820 c002 f001 c909 f088 900e 4c0c d8a8 28c9
0001830 05f0 0390 a84c add8 0200 6918 2008 e016
0001840 5985 53a5 e938 0a01 a5aa dd59 c1a8 09f0
0001850 dde8 c1a8 03f0 a84c 8ad8 0129 19f0 52ad
0001860 d004 4c03 d8a8 02a9 a085 d8ad 8502 ad01
0001870 02db 0085 7d4c add8 0451 03d0 a84c a9d8
0001880 8501 ada0 02d0 0185 d3ad 8502 a900 202e
0001890 efe8 e120 a9ea 2030 c847 ef20 f0ef a519
00018a0 8dfc 0519 53a5 04c9 0dd0 19a9 0085 3fa9
00018b0 0185 46a9 1520 60c8 00a9 a085 a960 85f3
00018c0 a90b 8500 a086 b100 8504 c800 04b1 0185
00018d0 b1c8 1804 0665 0285 07a5 0069 0385 8684
00018e0 f320 d0ef a40c c886 04b1 fec9 08f0 b94c
00018f0 a9d8 4c01 d8e8 00a9 0c85 a560 d05a a528
0001900 f059 2924 d001 a50d c956 f001 c917 f002
0001910 4c10 d917 56a5 01c9 07f0 02c9 06f0 174c
0001920 a9d9 60ff 01a9 a960 6000 00ad 1802 0869
0001930 1620 85e0 c959 f001 a20f a902 e40c f059
0001940 180a 0669 4ce8 d92d e938 aa01 00a9 8685
0001950 8cbd 85c0 e800 8cbd 85c0 e801 8cbd 18c0
0001960 0665 0285 07a5 0385 bde8 c08c 0885 bde8
0001970 c08c 0985 ef20 d0ef a522 1800 0865 0085
0001980 01c6 86e6 09a5 86c5 ead0 bde8 c08c fec9
0001990 04f0 4ce8 d93c 00a9 8d4c a9d9 8501 605a
00019a0 56a5 01c9 07f0 02c9 15f0 e34c a5d9 0a53
00019b0 caaa b4bd cdc1 0203 36f0 3490 e34c a5d9
00019c0 0a53 caaa bdca c1b4 03cd b002 a523 c953
00019d0 f004 a620 c959 f003 e007 d006 4c16 d9d4
00019e0 05e0 0fd0 03ad c902 f068 9005 4c03 d9e3
00019f0 01a9 a960 6000 0a85 0b85 88e6 88a5 0fc9
0001a00 03b0 f94c a9d9 8500 c988 b008 aa09 bcbd
0001a10 25c1 4c0a da0f e938 aa08 bcbd 25c1 f00b
0001a20 a902 8501 60be 6620 a9e1 8500 205d efd5
0001a30 00bd c902 d0ff a516 d036 a915 a680 955d
0001a40 a95e 8510 2037 eaf7 43bd 85c4 2036 da4c
0001a50 5da5 6918 8501 c95d d009 60d2 5da6 5eb5
0001a60 80c9 29f0 81c9 28f0 01c9 27f0 02c9 26f0
0001a70 c0c9 25f0 c1c9 21f0 c2c9 1df0 08c9 1ff0
0001a80 10c9 1ef0 20c9 1df0 40c9 1cf0 4c60 da9c
0001a90 004c 4cdb db2c 304c bddc 0421 8b4c 4cdd
0001aa0 dc69 d04c 4cdc dd32 0720 60df d520 a9ef
0001ab0 8530 8500 a901 8590 8602 2004 eadb 37a5
0001ac0 4dd0 81a9 5da6 5e95 00a9 8a95 ada5 03f0
0001ad0 d54c a5da d05d a938 a6c0 955d a95e 9d01
0001ae0 0421 f74c a5da d043 a526 d05d a922 a6c0
0001af0 955d bd5e 0421 01c9 08d0 03a9 219d 4c04
0001b00 daf7 01a9 219d 2004 eaf7 4dbd 85c4 6043
0001b10 55a9 e420 d0df 201a efd5 4da9 0085 32a9
0001b20 0185 84a9 0285 0486 db20 eeea 0515 2b4c
0001b30 a6db a95d 9501 a95e 9584 6072 ffa9 e420
0001b40 d0df 6001 d520 48ef ec20 a5ea 2001 e016
0001b50 5da4 6899 2900 d001 e605 4c00 db50 00c6
0001b60 00a5 5a20 85e0 207d e048 6518 8501 2001
0001b70 dbee 5da6 72b5 d420 68ea 20aa f080 00a5
0001b80 ae20 f0e0 2037 eaf7 48bd 25c4 d019 a62d
0001b90 b55d aa68 b5ca c97e b004 a521 c996 d002
0001ba0 a612 bd04 0200 00cd b002 1808 0f69 00cd
0001bb0 b002 a909 a602 955d d65e 6068 00a5 9020
0001bc0 f0e0 4c03 dbe7 4020 a6df b55d c968 d001
0001bd0 202c dfc3 00a5 20c9 03f0 0190 a960 8503
0001be0 a902 8504 2003 f08e 01a9 ad85 00a9 5da6
0001bf0 6895 80a9 fe85 a660 a95d 9508 605e 5da6
0001c00 0dfe bd04 040d 06c9 01b0 a960 9d00 040d
0001c10 68b5 0129 15f0 72b5 6918 c904 9080 c907
0001c20 b090 4c03 dc2d 80a9 2d4c b5dc 3872 04e9
0001c30 80c9 0790 90c9 03b0 2d4c a9dc 958c 6072
0001c40 55a9 e420 f0df 2031 efd5 0486 ec20 e6ea
0001c50 a401 b95d 0072 90c9 05d0 94a9 514c a9dc
0001c60 8590 a602 955d 2072 eadb 01a5 5da6 a3d5
0001c70 06d0 5da6 01a9 5e95 a960 20ff dfe4 01d0
0001c80 2060 efd5 0486 ec20 e6ea a501 2901 f001
0001c90 a60f b55d 2968 f001 c605 4c00 dc90 00e6
0001ca0 ee20 a6db b55d 8572 2002 eadb 32a9 5320
0001cb0 a5c8 2001 e112 27f0 5da6 10a9 5e95 3020
0001cc0 f0e1 a509 2919 f001 4c03 dcc9 5da6 68b5
0001cd0 caaa 7eb5 04c9 01b0 a660 a95d 9520 605e
0001ce0 77a9 e420 d0df 6001 d520 86ef 2004 eaec
0001cf0 01a5 1620 a6e0 955d 2968 d001 e613 a500
0001d00 a200 dd00 c3fc 1bf0 e0e8 f00b 4c28 dcf3
0001d10 00c6 00a5 00a2 12dd f0c4 e808 0be0 15f0
0001d20 064c a5dd 1801 077d 85c4 e001 d00a a606
0001d30 a95d 9501 205e dbee 5da6 72b5 0285 db20
0001d40 60ea 55a9 e420 d0df 6001 d520 86ef 2004
0001d50 eaec 01a5 1620 a6e0 955d 2968 d001 c611
0001d60 a500 c901 d014 c602 a501 d000 4c16 dd7f
0001d70 00e6 01a5 ecc9 02d0 01c6 00a5 f4c9 03d0
0001d80 7f4c 20dd dbee 5da6 72b5 0285 db4c a9ea
0001d90 2022 f092 00a9 5da6 6895 8560 a607 b55d
0001da0 c95e d0c2 4c03 de82 c1c9 3bf0 07a5 02c9
0001db0 09f0 03c9 0af0 34a9 b24c a9dd 4c36 ddb2
0001dc0 38a9 5320 20c8 efd5 0486 00bd 2002 e112
0001dd0 0aa4 04c0 03d0 734c c9de f000 a60a a95d
0001de0 9501 a98a 95c1 205e efd5 0486 5da6 5eb5
0001df0 c1c9 2fd0 20a9 e420 d0df a60a bd04 0200
0001e00 0185 274c a6de a95d 95c0 a55e c907 d003
0001e10 bd0f 0417 05f0 00a9 0d4c a9de 9d01 0417
0001e20 1a4c a9de 20ff dfe4 6bf0 04a6 01a9 7d18
0001e30 0200 0185 8620 e8de e8e8 07a5 02c9 06d0
0001e40 00fe 4c02 de56 03c9 1cd0 01a5 0129 16f0
0001e50 5da4 17b9 d004 fe09 0200 00fe 4c02 de56
0001e60 00de de02 0200 00bd 8502 a600 b55d c972
0001e70 d090 a905 4c94 de6a 90a9 0285 5da6 7295
0001e80 db4c a9ea a6c2 955d a65e bd04 0203 2b8d
0001e90 6004 a520 60de 07a5 01c9 18d0 00a0 01a5
0001ea0 1dd9 90c4 d90a c420 05b0 01e6 a44c c8de
0001eb0 03c0 ecd0 2060 efd5 0486 ec20 c6ea ad00
0001ec0 042b e938 c501 f000 382f 01e9 00c5 28f0
0001ed0 e938 c501 f000 382b 08e9 00c5 1ff0 e938
0001ee0 c501 f000 3818 01e9 00c5 1fd0 01a9 5da6
0001ef0 5e95 00a9 179d 6004 01c6 fb4c e6de 4c01
0001f00 defb 5da6 21bd c904 f001 a9e1 a684 955d
0001f10 8572 2002 eadb a960 2055 dfe4 01d0 2060
0001f20 efd5 0486 ec20 e6ea bd01 0201 90c9 05f0
0001f30 90a9 274c a9df 8594 2002 eadb c0a5 01c5
0001f40 03f0 0190 a660 a95d 9501 a95e 8500 60c0
0001f50 c0a5 01f0 a560 c996 f00a 6001 59a5 03c9
0001f60 03f0 724c a2df b503 c97e b005 6001 00a2
0001f70 5eb5 01c9 06d0 68b5 03c9 23f0 e0e8 d00a
0001f80 60ef 05a2 7eb5 05c9 01b0 a260 b500 c95e
0001f90 d001 b506 c968 f005 e806 0ac9 efd0 a960
0001fa0 9540 d65e 8a68 6918 0a03 0a0a a80a 00b9
0001fb0 8502 b901 0203 0085 ebad a0c1 c500 b000
0001fc0 1807 1869 4cc8 dfad 0a98 6918 1815 0165
0001fd0 c085 a660 b55d c968 d001 2018 efd5 03bd
0001fe0 c902 b030 a90e 9d23 0202 069d 9d02 020a
0001ff0 0e9d 6002 0a85 0b85 5da6 8af6 8ab5 0730
0002000 10c9 03b0 fb4c a9df 9500 c98a b008 aa09
0002010 bcbd 25c1 4c0a e011 e938 aa08 bcbd 25c1
0002020 f00b a902 6001 0a85 53a5 e938 0a01 bdaa
0002030 c493 0885 94bd 85c4 a009 a900 8501 b10b
0002040 c908 f0ff c50c f00a 900c e60a c80b 2f4c
0002050 a9e0 8507 a50b 600b 5da6 5eb5 01c9 07d0
0002060 7da5 03d0 01a9 a960 6000 0c85 5da6 68b5
0002070 01c9 15f0 06c9 11f0 00a2 c4bd c5c1 f00c
0002080 e819 09e0 17f0 6a4c a2e0 bd04 c1c4 0cc5
0002090 08f0 e0e8 f009 4c06 e07b 00a9 a960 6001
00020a0 0c85 5da6 68b5 0129 05f0 00a2 a14c a2e0
00020b0 bd01 c1cd 0cc5 03f0 00a9 a960 6001 0c85
00020c0 5da6 68b5 02c9 13f0 03c9 0ff0 04c9 11f0
00020d0 05c9 19f0 06c9 21f0 ec4c 20e0 e0f1 ec4c
00020e0 20e0 e0f1 89a0 c4c9 2ff0 ec4c 20e0 e0f1
00020f0 71a0 b4c9 23f0 ec4c 20e0 e0f1 00a9 0f4c
0002100 aae1 caca 0ca5 72bc ddc1 c177 09f0 7cbc
0002110 ddc1 c181 01f0 6860 a668 945d a9a3 8501
0002120 600c 0b85 00a0 08b1 fec9 0df0 0bc5 04f0
0002130 4cc8 e116 01a9 2b4c a9e1 8500 840c 600a
0002140 5da6 68b5 e538 f059 3005 4c03 e141 01a9
0002150 a960 6000 00a2 20a0 00b9 c902 f0ff 2008
0002160 e016 6895 5b4c a9e1 9500 9868 6918 a810
0002170 e0e8 d00a 60e3 00a9 06a0 7e99 8800 fa10
0002180 00a0 68b9 f000 aa08 7eb5 6918 9501 c07e
0002190 f009 c804 724c a6e1 e059 f007 f60c a57e
00021a0 c996 d00a a604 f659 607e ada5 01d0 c960
00021b0 d001 a91c 8520 a900 85c0 a901 85fc a902
00021c0 8512 a903 20e0 f080 02a9 ad85 e04c a5e1
00021d0 d038 a921 8503 a2ad bde1 0200 fcc9 05f0
00021e0 fca9 d74c a9e1 9dfe 0200 6918 9d01 0204
00021f0 10a9 3885 a960 8500 20ae efdd 00bd c902
0002200 d0ff a532 c953 f001 c907 f004 4c16 e225
0002210 40a5 24d0 ada5 20f0 02c9 1cd0 19a9 4085
0002220 1f4c a5e2 d040 2011 eaf7 66bd 85c4 a940
0002230 a606 95ae 20af e250 53a6 e6ca a5ae ddae
0002240 c1f6 03f0 e94c a5e1 c953 f003 a512 d03b
0002250 a90e 8500 85d2 85d3 85d4 a9d5 85bc 603b
0002260 aea6 afb5 0f29 3af0 06c9 33f0 08c9 2ff0
0002270 01c9 31f0 02c9 32f0 03c9 35f0 53a5 03c9
0002280 06f0 b620 4ce2 e280 19b5 0329 aea6 af95
0002290 afb5 01c9 04f0 02c9 02d0 b395 544c 4ce2
00022a0 e538 f94c a9e2 4c00 e29c 01a9 9985 684c
00022b0 a5e3 c953 d001 200c e626 aea6 afb5 03d0
00022c0 924c 4ce2 e41b aea6 d2b5 21d0 01a9 d295
00022d0 aea5 6918 0a01 0a0a a80a 03b9 cd02 0203
00022e0 07b0 01a9 ec95 dd4c a9e2 9502 b5ec 2919
00022f0 9507 a8af 04c9 03b0 f64c b4e2 c9ec b007
0002300 4c03 e2f6 03a0 af94 a960 8555 850a 200b
0002310 e806 01d0 2060 efdd 0486 ec20 a6ea b5ae
0002320 c9af d020 a905 95ff 60af 10c9 05f0 01c6
0002330 254c e6e3 a501 a804 b9c8 0200 53a6 04e0
0002340 0ef0 9cc9 05f0 9ca9 4b4c a9e3 4c98 e34b
0002350 acc9 05f0 aca9 4b4c a9e3 20a8 ead4 aea6
0002360 b3b5 204a f096 aea6 afb5 10c9 05f0 10a9
0002370 654c a9e3 9520 60af 55a9 0a85 0b85 0620
0002380 d0e8 6001 dd20 86ef 2004 eaec 99a5 05d0
0002390 00e6 874c c6e3 a500 2900 c90f f004 c907
00023a0 f00c 4c03 e39b 01e6 af4c a6e3 dd99 c3e2
00023b0 08f0 e4dd f0c3 4c03 e3af 01c6 c04c c9e3
00023c0 f004 c907 f00c 4c03 e3c0 aea6 ffa9 af95
00023d0 99a4 a520 d0e6 a907 a600 95ae 60af 99a5
00023e0 1bf0 00a5 0cc9 05f0 0c90 ed4c a9e3 a600
00023f0 95ae 4caf e3ed 00a9 aea6 af95 a560 a804
0002400 b9c8 0200 53a6 04e0 0ef0 9cc9 05b0 9ca9
0002410 134c a9e4 4c98 e413 acc9 05b0 aca9 134c
0002420 a9e4 20a8 ead4 99a5 964c a6f0 b5ae 4aaf
0002430 4a4a a5aa c953 f004 bd0d c3f4 0a85 f5bd
0002440 85c3 4c0b e44b 50a5 0129 6518 c954 9003
0002450 bde8 c3f8 0a85 f9bd 85c3 200b e806 01d0
0002460 2060 efdd 0486 ec20 a6ea b5ae f0e8 c90e
0002470 f003 4c03 e46d 00a9 e895 7a4c a5e4 2901
0002480 d003 a907 f601 4ce8 e50c 53a5 01c9 35f0
0002490 a320 c9e7 f003 c907 f013 4c10 e50c 01c6
00024a0 01a5 aea6 dbd5 10f0 0c4c e6e5 a501 a601
00024b0 d5ae f0db 4c03 e50c 01a9 aea6 af95 00a9
00024c0 db95 0c4c a6e5 b5ae c9af f013 4c03 e4d6
00024d0 01e6 aea5 aa0a b5e8 c5b9 d001 a906 a601
00024e0 95ae 4caf e50c 01c6 aea6 00e0 1bd0 aea6
00024f0 e0b5 02c9 13f0 aea5 aa0a b9b5 01c5 1cd0
0002500 02a9 aea6 af95 0c4c a5e5 0aae b5aa 18b9
0002510 0d69 01c5 06d0 13a9 aea6 af95 04a5 c8a8
0002520 00b9 a602 e053 f004 c90e b09c a905 4c9c
0002530 e532 98a9 324c c9e5 b0ac a905 4cac e532
0002540 a8a9 d420 4cea f088 aea6 afb5 06c9 08f0
0002550 08c9 01f0 4c60 e59f 53a5 01c9 05f0 04c9
0002560 12f0 a960 8520 a900 85b8 a601 a9ae 9508
0002570 4caf e592 03ad c902 9078 a005 4c00 e572
0002580 08a0 0c84 19a5 0329 180a 0c65 bdaa c3ce
0002590 0085 cfbd 85c3 a601 a9ae 9500 a9af 4ca8
00025a0 e594 98a9 d420 20ea efdd 0485 824c 20f0
00025b0 efdd 0486 ec20 bdea 0201 d420 a5ea c953
00025c0 f001 6001 00e6 00a5 2cc9 02f0 2790 01e6
00025d0 01a5 c5c9 1fd0 00a9 aea6 af95 00c6 00a5
00025e0 68c9 05b0 01e6 db4c c6e5 c901 d060 a606
00025f0 a9ae 9500 4caf f082 0c85 aea6 e0b5 01c9
0002600 1df0 06c9 19f0 00a2 18a9 0cc5 0bf0 e0e8
0002610 f009 bd09 c1c4 fa4c a9e5 6000 01a9 a260
0002620 bd04 c1c4 0cc5 08f0 e0e8 f009 4c06 e611
0002630 00a9 a960 6001 aea6 afb5 13c9 01d0 2060
0002640 efdd ec20 a6ea b5ae c9e0 f001 4c03 e66d
0002650 00a5 5cc9 07f0 c4c9 13f0 9e4c a5e6 0aae
0002660 a9aa 95a6 e8b9 c7a9 b995 974c a5e6 0aae
0002670 a9aa 95ab e8b9 c3a9 b995 974c a5e6 c900
0002680 f02c c907 f06c 4c13 e69e aea5 aa0a 8da9
0002690 b995 a9e8 95a4 4cb9 e697 aea5 aa0a 8aa9
00026a0 b995 a9e8 95a7 a9b9 a603 95ae 60af 00a9
00026b0 aea6 af95 a560 1801 0b69 1620 a4e0 a699
00026c0 95ae a5e0 c953 d001 4c03 e6c6 03c9 03d0
00026d0 024c 4ce7 e73c 00a5 e820 d0e5 a616 b5ae
00026e0 29e0 f001 b906 c79a de4c b9e6 c79c 6518
00026f0 8501 a601 b5ae c9e0 f001 a508 d900 c3e6
0002700 09f0 a560 d900 c3e8 01f0 a960 a600 95ae
0002710 60af aea6 e0b5 02c9 0fd0 00a5 ead9 f0c3
0002720 d924 c3ec 1ff0 2d4c c0e7 d001 c904 f004
0002730 a50d d900 c3ee 0df0 f0d9 f0c3 6008 00a5
0002740 dbc9 01f0 a660 a9ae 9500 60af aea6 e0b5
0002750 88a8 99a6 f2bd c0c3 f000 e011 f000 1806
0002760 0869 584c 38e7 08e9 4c88 e747 00c5 09f0
0002770 99a5 200a e770 01f0 a660 a9ae 9500 60af
0002780 0985 dd20 bdef 0203 0a85 aea6 e0b5 e938
0002790 0a02 b5aa f0c1 a409 b909 c3de 0ac5 0df0
00027a0 c2b5 0cf0 09a4 dfb9 c5c3 d00a a903 6000
00027b0 01a9 a660 b5ae f0db a605 b5ae 60af 53a5
00027c0 e938 0a02 b9a8 c49b 0785 9cb9 85c4 a608
00027d0 b4ae f0e0 882d 07b1 0985 b1c8 8507 a50a
00027e0 3853 02e9 a80a a1b9 85c4 b907 c4a2 0885
00027f0 09a4 0ac4 0cf0 07b1 00c5 0df0 c8c8 4cc8
0002800 e7e2 00a9 aea6 af95 c860 07b1 aea6 db95
0002810 b1c8 9507 60af aea6 e4f6 e4b5 0730 10c9
0002820 03b0 194c a9e8 9500 c9e4 b008 aa09 bcbd
0002830 25c1 4c0a e82f e938 aa08 bcbd 25c1 f00b
0002840 a902 6001 f720 bdea c45c 0a85 61bd 85c4
0002850 a90b 8500 205d dfe8 01d0 a960 8500 a5d2
0002860 c9d2 b003 aa54 12d0 daa5 01c9 0cd0 00ce
0002870 ce02 0204 08ce ce02 020c ccbc b9c2 0200
0002880 ffc9 30f0 aa98 00de de02 0204 00bd c902
0002890 d050 2006 e968 904c c9e8 d0c8 2003 e971
00028a0 00b9 c902 d070 a904 8501 b9d8 0200 48c9
00028b0 5ff0 5d90 d2e6 4f4c c9e8 f006 aa61 03c9
00028c0 12d0 daa5 02c9 0cd0 00ee ee02 0204 08ee
00028d0 ee02 020c ccbc b9c2 0200 ffc9 2ef0 aa98
00028e0 00fe fe02 0204 00bd c902 d050 2006 e971
00028f0 ea4c c9e8 d0c8 2003 e968 00b9 c902 d0a8
0002900 a907 8501 b9d9 0200 d0c9 05b0 d2e6 4f4c
0002910 a9e8 99ff 0200 0499 e602 4cd2 e84f d8a5
0002920 01c9 27d0 00a9 d285 d2a5 03c9 49f0 bcaa
0002930 c2cc 00b9 c902 f0ff e605 4cd2 e918 d0a9
0002940 7a20 20e9 e968 00a9 d885 a560 c9d9 d001
0002950 a926 8503 a5d2 c9d2 f006 aa1c ccbc b9c2
0002960 0200 ffc9 05f0 d2e6 454c a9e9 2048 e97a
0002970 6820 a9e9 8500 60d9 23a9 0299 9902 0206
0002980 a960 9903 0202 0699 6002 0099 9902 0204
0002990 a960 8d00 0445 45ad 2004 efd7 188a 3069
00029a0 86aa 2004 eaec ffc9 56f0 45ae bd04 0446
00029b0 6918 c5b0 9000 a50d c901 b026 a911 85c0
00029c0 4c02 e9da 0120 c9ea f0ff 4c38 e9ea c4a9
00029d0 0285 01a5 2ec9 1290 02a9 fe85 2ea9 0185
00029e0 45ad 0a04 a9aa 9d00 042e 00a5 6918 8502
00029f0 ad00 0445 6918 2001 ef72 db20 4cea e9f3
0002a00 3420 eeea 0445 45ad c904 f003 4c03 e986
0002a10 a560 e601 e601 e601 c901 d026 a204 8601
0002a20 c9fe 9050 c915 9090 c916 90c0 c90d 90d8
0002a30 200e ead1 9420 a9f0 60ff c4a9 0285 a960
0002a40 85c0 6002 36a5 26d0 19a5 0329 bdaa c1ff
0002a50 6918 ae10 0445 469d 8504 a900 8530 a901
0002a60 85c4 2002 eadb f720 bdea c457 3685 a560
0002a70 f039 6001 08a9 0a85 00a9 0b85 a120 d0ea
0002a80 6001 50a9 0085 20a9 0185 f1ad c902 f0db
0002a90 e607 a9b7 4cdb ea8a d7a9 d420 a9ea 20f0
0002aa0 f080 b7a5 04c9 08d0 00a9 b785 bba9 3985
0002ab0 e660 a5b8 30b8 c907 b010 4c03 eab2 00a9
0002ac0 b885 08c9 09b0 bdaa c1bc 0a25 c84c 38ea
0002ad0 08e9 bdaa c1bc 0b25 02f0 01a9 a960 8500
0002ae0 4c04 ead6 0285 22a9 0385 2060 ead1 824c
0002af0 adf0 0203 0085 00ad 8502 6001 03bd 8502
0002b00 bd00 0200 0185 a560 2950 1801 5465 e0aa
0002b10 9004 a202 6004 03ad d005 6001 05ad 2905
0002b20 8d0f 0505 53a5 a8aa bdca c608 0085 20a9
0002b30 0185 c998 3002 a52d f044 c924 d013 4c03
0002b40 eb85 0fc9 03d0 8e4c c9eb d00b 4c03 eb85
0002b50 08c9 03d0 8e4c c9eb d004 2003 eba6 a960
0002b60 8525 6044 36a5 18c9 1af0 00c9 1df0 15ad
0002b70 f005 200c eba1 00a9 158d a905 851a a544
0002b80 4c44 eb2b 30a9 4485 9c4c a9eb 851a 2044
0002b90 eb97 2b4c a9eb 8580 a9fe 4c40 eba8 80a9
0002ba0 fe85 42a9 a84c a9eb 4c44 eba8 3ea9 a84c
0002bb0 a9eb 4c00 eba8 02a9 1520 c6c8 ad44 0505
0002bc0 1009 058d 6005 45a5 01f0 a560 d02e a905
0002bd0 85ff 6096 0ba9 4585 01a9 0085 0aa9 0185
0002be0 3e20 a9f3 8502 4c00 f23c 0bad d005 a90e
0002bf0 8d01 050b 00a9 0e8d 8d05 050c ad60 050c
0002c00 24f0 0dad c905 d005 a511 c996 d00a a904
0002c10 f000 a907 8504 4c96 ec12 5685 0329 02f0
0002c20 5785 0cce 6005 0eae bd05 c028 0c8d bd05
0002c30 c014 0d8d ee05 050e 2060 eae1 4ca9 e820
0002c40 a5ef c953 f003 c904 d001 2003 ec44 8a20
0002c50 4ced edc5 00a9 5d85 3aa9 4720 20c8 efd5
0002c60 53a5 01c9 05f0 188a 3069 20aa eaec ef20
0002c70 d0ef a544 c996 d004 a52e 2956 d003 a507
0002c80 f09c 4c0d ec97 9ca5 03c9 1bb0 9ea5 17d0
0002c90 9da5 18c9 11b0 00a5 0585 01a5 0685 00a2
0002ca0 c620 a9cf 8520 e6fd a55d 4a53 a5aa dd5d
0002cb0 c1fd 0bf0 484c 20ec ef51 ffa9 9685 a560
0002cc0 c953 f003 a509 c996 d00a 4c03 ecbf a560
0002cd0 d0a0 4c03 ed87 9fa5 4a4a 05f0 00a9 d34c
0002ce0 a9ec f001 a913 1804 036d 8502 ad00 0200
0002cf0 e938 8510 4c01 ed07 57a5 01c9 09f0 03ad
0002d00 3802 10e9 fd4c adec 0203 6918 8510 ad00
0002d10 0200 6918 8506 a901 203c efe8 53a5 01c9
0002d20 22d0 00a9 5d85 d520 20ef eaec 3aa9 4720
0002d30 20c8 efef 31d0 5da5 6918 8501 c95d f009
0002d40 4c54 ed16 00a9 ae85 dd20 20ef eaec 3aa9
0002d50 4720 20c8 efef 0fd0 aee6 aea5 53a6 ddca
0002d60 c1f6 31f0 384c a9ed 8502 a5ff 8500 a505
0002d70 8501 a506 c953 d001 a90b a600 955d a968
0002d80 4c01 ed87 10a9 4085 00a9 aea6 e095 db95
0002d90 01a9 874c a9ed 8500 60bf 00a9 ae85 3aa9
0002da0 4720 20c8 efdd ec20 20ea efef 0fd0 aee6
0002db0 aea5 53a6 ddca c1f6 0bf0 934c 20ed ef51
0002dc0 ffa9 9685 a560 c996 d00a a509 c953 f001
0002dd0 2003 ecbf a560 c953 d003 a407 c096 f001
0002de0 6001 e938 0a01 bdaa c42b 0285 2cbd 85c4
0002df0 bd03 c423 0085 24bd 85c4 2001 efef 17d0
0002e00 53a5 03c9 15d0 01a5 c9c9 0ff0 70a9 0085
0002e10 c9a9 0185 eb4c a9ed 85ff 6096 80a9 0a85
0002e20 80a9 0b85 e420 d0df 6001 53a5 01c9 06d0
0002e30 d520 4cef ee29 dd20 86ef 2004 eaec bfa5
0002e40 01c9 04d0 02a0 ff84 0bc9 15f0 bfa6 bdca
0002e50 c1ec 0285 db20 a6ea a904 2002 ee6c bfe6
0002e60 a560 c953 d001 a905 2003 ee6c d120 20ea
0002e70 f094 02a2 c620 a9cf 8500 60bf 029d 9d02
0002e80 0206 0a9d 9d02 020e a460 c053 d001 6001
0002e90 bea5 54f0 04c0 68d0 00a0 ffae bdc5 c5c2
0002ea0 03cd d002 bd52 c5ae 00cd 9002 384a 11e9
0002eb0 00cd b002 b942 00c1 00c9 2dd0 96a5 08c9
0002ec0 26f0 ffc9 22f0 11a9 cc85 01a9 c199 2000
0002ed0 ef38 00ad 1802 1069 0685 03ad 8502 a205
0002ee0 2000 cfc6 20a9 fd85 a560 c996 f004 2007
0002ef0 ef51 08a9 9685 c060 f007 e805 4cc8 ee8d
0002f00 53a4 fabe a0c5 bd00 c5ae 00cd d002 bd30
0002f10 c5c2 03cd d002 b928 00c9 23d0 22a9 cc85
0002f20 01a9 c999 2000 ef38 00ad 3802 08e9 0685
0002f30 03ad 8502 a205 2003 cfc6 20a9 fd85 c060
0002f40 f002 e8fb 4cc8 eef7 24a9 cd85 ce85 cf85
0002f50 d085 d6bd 85c5 bd01 c5e9 0085 48a9 154c
0002f60 a5c8 c996 d00a a51a f0a0 3816 01e9 a9aa
0002f70 9d00 0451 0a8a 0a0a a9aa 9dff 02d0 d49d
0002f80 6002 0f86 aa0a 2cbd d004 9d19 0436 00e0
0002f90 05d0 08a9 894c a9ef 9d80 0435 f0a9 2d9d
0002fa0 4c04 efad 35bd e004 d000 6905 4c10 efa2
0002fb0 3069 359d bd04 0436 0069 369d bd04 042d
0002fc0 fd38 043d 2d9d a504 fd01 043e 0185 bd18
0002fd0 042d 357d 9d04 042d 01a5 367d 8504 fe01
0002fe0 042c 0fa6 a560 185d 0369 e24c a5ef 18ae
0002ff0 0169 0a0a 0a0a 60aa 4720 a9c8 f000 a906
0003000 d001 a902 8502 8a0c 9848 a048 a500 d00c
0003010 2017 f063 4685 6920 85f0 2047 f062 4885
0003020 6920 85f0 4c49 f059 6320 85f0 204a f069
0003030 4b85 6220 85f0 204c f069 4d85 4aa5 e538
0003040 8546 a59c 384b 47e5 9d85 49a5 4bc5 1790
0003050 4da5 47c5 1190 4ca5 46c5 0b90 48a5 4ac5
0003060 0590 01a9 594c a9f0 8500 680c 68a8 a5aa
0003070 600c b1c8 1802 0065 c860 02b1 6518 6001
0003080 0285 e120 20ea eacd 57a5 0329 4c4a f096
0003090 0485 00a9 10f0 0485 01a9 0ad0 0485 04a9
00030a0 04d0 0385 0fa9 8548 8a0f 9848 a548 4800
00030b0 05a5 a548 4806 07a5 a548 4808 09a5 a948
00030c0 8502 a505 c90f f004 a936 250f 8503 a507
00030d0 4a03 4a4a 854a aa06 00a9 6518 ca07 fbd0
00030e0 0885 0fa5 06d0 1e20 4cf1 f0e9 01c9 06f0
00030f0 9520 4cf1 f0f2 6120 20f1 f139 f24c 20f0
0003100 f10a 8568 6809 0885 8568 6807 0685 8568
0003110 6805 0085 a868 aa68 6068 03a6 00a0 ffa9
0003120 0491 c8c8 02a5 0491 c8c8 d0ca 60f1 02a5
0003130 08a6 01a0 0491 6918 c801 b148 2904 913f
0003140 6804 c8c8 cac8 ecd0 a060 a600 a506 8501
0003150 a509 9109 1804 0869 0985 c8c8 a5c8 9100
0003160 c804 d0ca a5ec 1800 0869 0085 07c6 dbd0
0003170 a060 8401 a50a 3808 06e5 85a8 a60b 9806
0003180 1848 6598 a402 910a c804 04b1 3f29 4049
0003190 0491 c8c8 84c8 680a c8a8 d0ca a5e2 380b
00031a0 06e5 d610 a060 a600 a506 8501 a909 91ff
00031b0 c804 c8c8 cac8 f7d0 00a5 6918 8508 c600
00031c0 d007 60e4 02ad a520 2910 8dfb 2000 20a9
00031d0 068d a920 8d00 2006 04a2 00a0 24a9 078d
00031e0 8820 fad0 d0ca a9f7 8d23 2006 c0a9 068d
00031f0 a020 a940 8d00 2007 d088 60fa 068d c820
0003200 00b1 068d c820 00b1 480a 10a5 0409 02b0
0003210 fb29 008d 8520 6810 900a 0903 c802 4a4a
0003220 b0aa c801 00b1 078d ca20 f5d0 9838 0065
0003230 0085 00a9 0165 0185 02ae a020 b100 d000
0003240 a5bb 8d12 2005 13a5 058d 6020 a9d8 4604
0003250 9000 4805 4e20 68f2 e918 1000 60f2 0a0a
0003260 85a8 ae01 0330 00b9 9dc0 0331 2d20 c8f3
0003270 00b9 9dc0 0331 2d20 c8f3 00b9 29c0 9d87
0003280 0331 0729 0285 388a 0265 2f20 aaf3 308e
0003290 a903 9d00 0331 b9c8 c000 0385 18ca 20b9
00032a0 2900 f00f 1801 0290 24a9 319d ca03 02c6
00032b0 22f0 20b9 2900 08f0 4a4a 4a4a f028 1801
00032c0 0290 24a9 319d a503 2903 f001 3801 ca88
00032d0 02c6 cad0 03a5 1029 0cf0 a4e8 1801 20b9
00032e0 6900 9d37 0331 a060 b100 2902 850f b105
00032f0 4a02 4a4a 854a ae04 0330 01a5 319d 2003
0003300 f32d 00a5 319d 2003 f32d 04a5 0685 8009
0003310 319d 2003 f32d b1c8 9d02 0331 06c6 f3d0
0003320 2d20 18f3 01a9 0065 0085 00a9 0165 0185
0003330 308e c603 d005 a9c3 9d00 0331 e860 c98a
0003340 903f ae0a 0330 00a9 319d 6803 6068 ffa2
0003350 02d0 00a2 0486 00a2 0586 0686 0786 01a5
0003360 0829 01d0 a5e8 9500 a506 4c01 f35e 0729
0003370 0a0a a5aa f004 b527 f024 1827 27b5 0385
0003380 07a5 e320 95f3 b527 8526 a503 2006 f3e3
0003390 2695 25b5 0385 05a5 e320 95f3 6025 24b5
00033a0 d9f0 b538 8527 a503 2007 f404 2795 26b5
00033b0 0385 06a5 0420 95f4 b526 8525 a503 2005
00033c0 f404 2595 25b5 08d0 26b5 04d0 27b5 06f0
00033d0 20b0 24b5 ff49 2495 a938 8500 b503 2027
00033e0 f404 2795 26b5 0420 95f4 b526 2025 f404
00033f0 2595 2060 f426 0165 0ac9 0290 0569 6518
0003400 8502 a502 2903 65f0 9002 6904 385f c960
0003410 b0a0 60f8 2620 e5f4 8501 b001 690a 850a
0003420 a501 6902 850f a502 2903 38f0 02e5 03b0
0003430 a069 0518 6001 2948 850f 6801 f029 0285
0003440 03a5 0f29 a960 8500 1804 00a5 1069 f029
0003450 4a4a a5a8 2900 0a07 aa0a 20b9 f000 b551
0003460 f024 3826 23b9 8500 b503 2027 f404 22b9
0003470 8500 b503 2026 f404 21b9 8500 b503 2025
0003480 f404 30b0 20b9 d000 a930 85ff 3804 d098
0003490 901e b510 8524 b520 8525 b521 8526 b522
00034a0 8527 a523 2900 f008 ca06 caca 10ca 60ab
00034b0 24b5 aff0 20b9 d000 18d0 d290 09a2 34c6
00034c0 0610 0aa9 3485 10a2 35b5 02f0 35d6 10ca
00034d0 60f7 30ae a503 9d01 0331 2d20 a5f3 9d00
00034e0 0331 2d20 a9f3 9d01 0331 2d20 98f3 319d
00034f0 2003 f32d 00a9 319d 8e03 0330 a560 2918
0003500 8502 a500 2919 4502 1800 01f0 6638 6618
0003510 6619 661a 661b 661c 661d 661e 601f 01a9
0003520 168d a240 a900 8d00 4016 2220 e8f5 2220
0003530 60f5 08a0 bd48 4016 0085 054a 4a00 2a68
0003540 d088 86f1 0600 a600 b400 8414 9500 2914
0003550 10ff 2406 1000 2902 b47f 9515 9815 0f29
0003560 1535 06f0 f009 1535 1595 3f60 2000 150f
0003570 122c 270f 1702 300f 0636 300f 242c 020f
0003580 1636 300f 2427 160f 3730 060f 0227 c023
0003590 ff48 c823 5503 22aa cd23 0f43 2c20 3fc7
00035a0 8120 5084 5251 2053 8482 5554 5756 8320
00035b0 5884 5a59 205b c72a 203f 46ad 2030 43ca
00035c0 2030 c2d2 213f 4e02 2130 0c10 3e3e 3d45
00035d0 3d3d 3c3c 3b3c 3b3b 2d21 3f0f 2424 3737
00035e0 3637 3636 3535 4935 3434 5921 3f01 6d21
00035f0 4011 3838 3939 3a39 3a3a 3b3b 433b 3c3c
0003600 3d3d 8421 3d1a 3d3d 3e3e 303e 3030 3131
0003610 3231 3232 3333 3433 3449 3535 3635 2136
0003620 06a4 3636 374b 3737 c621 3f01 e221 3017
0003630 3e30 453e 3d3d 3c3d 3c43 3b3b 3a3b 3a3a
0003640 3939 3839 3840 ab21 3fc2 0422 3718 3737
0003650 3636 4a36 3535 3434 4834 3333 3232 3132
0003660 3131 3030 2230 c230 223f 0139 223f 014a
0003670 223f 0559 3840 3938 2239 1a64 3939 3a39
0003680 3a3a 3b42 3c3b 3c3c 3d44 3e3d 3e3e 3030
0003690 3130 3131 3232 8422 3212 4732 3333 3433
00036a0 3434 4a35 3635 3636 3737 2237 01a6 223f
00036b0 c2ae 223f 0bc2 3b3b 3a3a 3941 3939 3838
00036c0 2238 1ae2 3434 3333 3233 3232 3131 3046
00036d0 3030 3e3e 3d3e 3d3d 3c3c 3b3c 3b3b 0c23
00036e0 3f10 2424 3724 3737 3636 3536 3535 3449
00036f0 2334 0139 233f 134c 243f 2424 3838 3938
0003700 3939 3a3a 423a 3b3b 3c3c 233c 4f61 2330
0003710 0f70 3131 3231 3232 3333 3433 3434 3535
0003720 2335 8224 4d4c 2523 4e82 004f 003f 0f08
0003730 272c 0f02 1230 3f24 031d 3006 2312 48c0
0003740 23ff 07c9 0055 aaaa 0f0f 230f 05e2 0004
0003750 0000 2001 02c5 7270 e520 7102 2073 42ca
0003760 2162 5605 2162 58a4 2262 5a43 2262 5ce2
0003770 2362 5e61 2162 0108 2163 0117 2163 01a8
0003780 2163 01b7 2263 0148 2263 0157 2263 01e8
0003790 2263 01f7 2163 c425 213f c429 213f c436
00037a0 213f c43a 213f c4c4 213f c4d0 213f c4db
00037b0 223f c463 223f c46c 223f c473 223f c47c
00037c0 233f c302 233f c30f 233f c31d 223f 820a
00037d0 6f6e 1822 7082 2271 8219 7372 3f00 0800
00037e0 150f 062c 300f 1627 1d3f 1203 1537 c023
00037f0 ff48 c923 aa02 2322 43cd 230f 82d1 4884
0003800 d723 0305 880c 8800 e123 8803 8800 e923
0003810 8803 8800 d323 8482 2048 c72c 203f c72a
0003820 203f 43ca 2030 46ad 2030 c2d2 213f 5502
0003830 2130 0206 5f5e 2621 5c02 215d 020e 5f5e
0003840 2e21 5c02 235d 5e61 2330 0246 5d5c 6623
0003850 6002 2361 024e 5d5c 6e23 6002 2161 d046
0003860 2174 d047 2175 425c 2130 4279 2130 4296
0003870 2130 43b2 2130 43c2 2130 44c9 2130 45f9
0003880 2230 4233 2230 4256 2230 4279 2230 429c
0003890 2230 4382 2230 43ca 2230 43db 2230 42f8
00038a0 2330 4215 2330 4322 2330 4331 2130 c336
00038b0 213f c47c 213f c3d3 213f c5e4 213f c7ea
00038c0 213f c7ec 223f c319 223f c4a3 223f 01bc
00038d0 213f 8282 7170 8321 7282 2173 821d 6f6e
00038e0 4e21 74d0 4f21 75d0 3f00 0d00 2c0f 1238
00038f0 270f 2727 300f 3030 3f0f 0111 2325 50e0
0003900 2355 48f0 20aa c583 2062 c584 2062 0185
0003910 2162 0105 2062 c3a6 2062 c588 2062 0189
0003920 2162 0109 2062 c58a 2062 c58c 2062 c2ad
0003930 2062 c2ce 2062 c58f 2062 c591 2062 c2b2
0003940 2062 01b3 2062 0194 2062 01f3 2162 0114
0003950 2062 c596 2062 4297 2062 42d7 2162 4217
0003960 2062 c39a 2062 c3db 2062 c39c 2162 c547
0003970 2162 c268 2162 0169 2162 014a 2162 01a9
0003980 2162 01ca 2162 c54c 2162 014d 2162 01cd
0003990 2162 c54e 2162 c550 2162 c271 2162 c292
00039a0 2162 c553 2162 c555 2162 4356 2162 43d6
00039b0 2162 c298 2162 0197 2262 0f09 2401 1519
00039c0 220a 1b0e 1024 160a 240e 220a 0f49 2401
00039d0 1519 220a 1b0e 1024 160a 240e 220b 0f89
00039e0 2402 1519 220a 1b0e 1024 160a 240e 220a
00039f0 0fc9 2402 1519 220a 1b0e 1024 160a 240e
0003a00 230b 1605 01d3 0809 2401 1217 1d17 170e
0003a10 180d 0c24 6518 1d15 640d 4b23 160d 0d0a
0003a20 240e 1712 1324 190a 170a 2000 0163 20ff
0003a30 036d d1d0 20d2 0276 fffe 9420 250a 2a16
0003a40 2726 2928 152a 202d 0ab4 242b 242c 2424
0003a50 2c24 2f24 ff00 ffff c0a9 178d 2040 fbf2
0003a60 00a2 ff86 fe86 fd86 f0ad c906 b090 a205
0003a70 8e00 06f1 d8c9 0390 f1ee a806 4a4a 4a4a
0003a80 4a4a 0085 ae98 06f1 05d0 6538 d000 1803
0003a90 00e5 f08d 6006 07a0 b00a 8803 fad0 8560
0003aa0 84f1 a0f2 8e7f 4000 018c 6040 9520 a2fa
0003ab0 a800 01b9 f0fb 9d0b 4002 00b9 09fb 9d08
0003ac0 4003 8c60 4005 04a2 e7d0 088d 8a40 3e29
0003ad0 08a2 ddd0 6aaa 2a8a 2a2a 0729 6d18 068d
0003ae0 b9a8 fb4c 9860 4a4a 854a 9800 e538 6000
0003af0 90a9 008d 6040 8d8d 8c8c 8c8b 8383 8f8f
0003b00 8f8f 858d 8584 857f 8585 8d7f 8d8d 8d8d
0003b10 f007 0000 6900 5300 4600 d400 bd00 a800
0003b20 9f00 8d00 7e00 ab01 7c01 5201 3f01 1c01
0003b30 fd00 ee00 e100 5703 f902 cf02 a602 8002
0003b40 3a02 1a02 fc01 df01 c401 ae06 9e05 4d05
0003b50 0105 7504 3504 f803 bf03 8903 0a05 2814
0003b60 1e50 0b3c 0c06 3018 2460 0748 1a0d 7834
0003b70 4e27 080a 0a05 5009 4640 504a 5c56 6c64
0003b80 7c74 9088 859a 85f0 a0fb 4c08 fd67 f084
0003b90 71a9 00a0 9fa2 8f20 a6fa bcf2 fb67 f1c6
0003ba0 f1a5 e1f0 0729 08d0 4a98 677d a8fb 07d0
0003bb0 0329 0ed0 f2e6 8c18 4002 28a0 0190 8cc8
0003bc0 4003 00a9 004c 84fe a9f0 a054 a26a 209c
0003bd0 fa8f f2a4 f1a5 0329 0af0 03c9 0bd0 d520
0003be0 85fa a8f2 4a98 f265 98a8 2a2a 8d2a 4002
0003bf0 8d2a 4003 f1a5 18c9 5ab0 094a 8d90 4000
0003c00 52d0 ffa4 f0a5 b04a 4690 b0ff a681 d0fa
0003c10 4a4a beb0 ff46 afb0 b04a 461d b0ff 4a0a
0003c20 50b0 ff46 3bb0 904c 84fc a9f0 8522 a0f1
0003c30 840b a9f2 2020 fa9f f2c6 04d0 07a9 f285
0003c40 f2a6 f5bc a2fa a55a c9f1 b014 4a04 5009
0003c50 20aa fa95 f1c6 ced0 e020 a9fa 8500 f0f0
0003c60 84c5 a9f0 850a acf1 06f0 028c a940 8d88
0003c70 4003 18a5 0829 6518 69f1 aafe e5bc a2fa
0003c80 d041 a9ce 8d0e 06a5 85a0 46a9 b320 cefa
0003c90 06a5 19f0 a5ad 0906 a890 8c88 4004 0dd0
0003ca0 f3a5 09d0 a5ad d006 a4e6 30fe a5d6 d0fc
0003cb0 a56a d0f9 a466 adfe 06a1 fe46 0cb0 b04a
0003cc0 4a0d 3cb0 fe46 23b0 5190 28a9 1fd0 f5a5
0003cd0 04d0 fe46 15b0 f6a5 4a4a 4a4a 654a 90f6
0003ce0 a92f 8d00 06a1 088d f040 a930 8cfe 06a1
0003cf0 0ea2 f586 ffa0 088c a040 8c08 400b 10d0
0003d00 fea9 f5a4 dbf0 07c0 06f0 f6a5 20a8 fad7
0003d10 f685 0a8d a540 f0f5 c602 a6f5 d0fa a549
0003d20 d0fc 8d05 06a3 40f0 a34d f006 a518 8dfc
0003d30 06a3 8620 b9fa ffcd 808d a906 85d4 a9f5
0003d40 85ff d0f6 ce05 0698 1ed0 80ac ee06 0680
0003d50 f5b1 d9f0 6aaa 2a8a 2a2a 0729 b9a8 fb62
0003d60 988d a906 2010 faba fda5 06d0 02ad d001
0003d70 603a 8620 84fa b9fb fe59 b9a8 fe59 8d8d
0003d80 b906 fe5a f785 5bb9 85fe b9f8 fe5c f985
0003d90 5db9 85fe a9fa 8d01 0695 968d 8d06 0698
0003da0 028d a001 8400 a5f3 f0fb a409 f0fa ce39
0003db0 0696 34d0 fae6 f7b1 3ff0 0c10 ca20 8dfa
0003dc0 0691 faa4 fae6 f7b1 9f20 d0fa a004 d010
0003dd0 a20e a59f f0fb a208 a506 d0f9 a202 2086
0003de0 fa93 91ad 8d06 0696 fba5 55f0 95ce d006
0003df0 a450 e6f3 b1f3 d0f7 2020 fae0 00a9 fa85
0003e00 f385 f985 028d a401 f0fb ac05 06a1 03d0
0003e10 088d a940 8d10 4004 2060 fac4 958d 8a06
0003e20 3e29 7fa0 b320 d0fa a204 d010 a211 ad89
0003e30 0695 18c9 08b0 86a2 10c9 02b0 84a2 048e
0003e40 a440 f0f9 ce23 0698 1ed0 f9e6 f7b1 c420
0003e50 8dfa 0698 6918 0afe c90a 9038 a902 a438
0003e60 d0fb a902 20ff faba 0960 130e 1d18 2722
0003e70 312c 8f00 1bfe 0800 feb0 0c00 cf00 00fe
0003e80 081a ff05 0b00 ad00 00ff 0003 ffbe 0000
0003e90 c400 00ff 0f00 ff20 3e21 a100 08ff 8600
0003ea0 8246 834a 4626 3480 3432 3432 3432 3432
0003eb0 3432 3432 3432 8432 0034 aca9 e8ee 3533
0003ec0 1616 1e57 6420 1e9e 6420 009e 3080 8530
0003ed0 8030 1c1a 1e81 1a82 1a80 811c 821e 5e1a
0003ee0 5c5e 5a5c 585a 5758 1816 969a 1859 9c1a
0003ef0 5f98 605e 5c5e 1f5a 8100 1a1a 1818 1616
0003f00 3838 2682 2642 2842 2846 3046 3028 8128
0003f10 853a 843c 5e3a 2002 4a42 6042 605e 001d
0003f20 2682 2642 8142 8040 4442 2648 2c28 2e83
0003f30 5656 42e0 5e5a 995c 5858 42e2 605e 9b5e
0003f40 5a5a 42ca 6260 8d4a 5e5c 42e0 5c5a 1d5e
0003f50 8200 6e6f 71ee f070 7677 57f6 d656 9aa0
0003f60 b496 9ca2 b698 9c5c 5796 965c 2f74 0285
0003f70 2e81 2e34 3483 4881 3028 3028 8528 8130
0003f80 3630 8330 8136 2c26 2c30 2c30 1616 161a
0003f90 1634 161a 1634 181c 1836 181c 1836 2e16
0003fa0 1680 3436 8336 8116 2e02 1680 3436 8630
0003fb0 812e 821a 301e 1683 4200 b096 03e6 0083
0003fc0 4287 423e 423e 423e 423e 423e 3e82 0c0a
0003fd0 540e 0090 1204 1204 1204 9204 0000 0000
0003fe0 0900 120e 0216 1a02 1e02 1e20 5a00 5642
0003ff0 0056 0709 0005 8aca ca8a ceca ceca ceca
0004000 8e8e cece ced2 ced2 ff00 c85f c79e fff0
0004010 0300 0707 0909 001c 0300 0007 0606 0303
0004020 0f0f ff0f fcff 0181 1000 3f3c 3c3f 0000
0004030 c000 80f8 9020 003c c000 60f8 6edc f8c0
0004040 c0c0 f0c0 e0f0 e0c0 3850 f030 e0f0 0000
0004050 0f07 120f 3813 0f00 0f07 0d00 070c 0007
0004060 1f1f 181f 1e19 1e1c 0301 1701 1e1f 0000
0004070 f080 4000 7820 c000 f080 b8c0 80dc 00f0
0004080 60e0 f0f0 e0f0 f0e0 e080 f0f0 e0f0 0000
0004090 0f07 120f 3813 3f00 0f07 0d00 070c 0307
00040a0 0e3f 1f0f 7c3f 3870 e3c3 1fcf 0c3f 0000
00040b0 f080 4000 7820 c000 f080 b8c0 80dc 06f0
00040c0 f8f0 fce4 7cfc 0000 e68e f0e0 70f0 0000
00040d0 0200 0706 0909 031d 0301 0007 0606 0002
00040e0 0f0f ff0f fcff 0181 0000 3f0c 3c3f 0000
00040f0 0000 c038 d0e0 c0fc c0c0 20f8 2e1c 3800
0004100 e0e0 f0b0 e0f0 e0c0 6000 f0f0 e0f0 0000
0004110 0300 0707 0909 001c 0300 0007 0606 0303
0004120 0f0f ff0f fcff 0181 0000 3f0c 3c3f 0000
0004130 c000 80f8 9020 003c c000 60f8 6edc f8c0
0004140 f0e0 f0f0 e0f0 e0c0 0f47 f00e e0f0 0000
0004150 0c04 130c 3b13 0f07 0f07 0c03 040c 0000
0004160 0f0f 1f0f 1e1f 1e1c 0100 1f0f 1e1f 0000
0004170 7000 c000 f8a0 c080 f080 38c0 005c 4070
0004180 60e0 f0f0 e0f0 f0e0 e0c0 f0f0 e0f0 0000
0004190 0f07 120f 3813 0f00 0f07 0d00 070c 0107
00041a0 1f1f 1f1f 1e1f 1e1c 0000 1f13 1e1f 0000
00041b0 f080 4000 7820 c000 f080 b8c0 80dc 80f0
00041c0 f8f8 f0f0 e0f0 f0e0 0707 f0fe e0f0 0000
00041d0 0c04 130c 3f13 0f07 0f07 0c03 000c 0000
00041e0 0f0f 1f0f 7c3f 3870 0101 1f0f 1c3f 0000
00041f0 7000 c000 f8a0 c080 f080 38c0 005c 4070
0004200 60c0 fce4 7cfc 0000 e0c0 f0e0 70f0 0000
0004210 0f07 120f 3813 0700 0f07 0d00 070c 0107
0004220 0f0f 1f0f 7c3f 3870 0000 1f09 1c3f 0000
0004230 f080 4000 7820 c000 f080 b8c0 80dc 80f0
0004240 f8f8 fce0 7cfc 0000 0707 f0ee 70f0 0000
0004250 0700 0f07 380f 7f7f 0700 0003 0700 0404
0004260 1f1f 1f1f 0f0f 070f 1f1e 1f1f 080f 0000
0004270 e000 fcf8 1cfc f8f8 f838 00c0 e000 2020
0004280 fcf8 f8fc 8078 c0c0 fc78 f8fc 8000 0000
0004290 0300 0707 0909 001c 0300 0007 0606 6303
00042a0 0f1f 3707 df7f 060f 21e0 0701 1f07 060f
00042b0 c000 80f8 9020 003c c000 60f8 6edc fbc0
00042c0 fee4 f170 ffff 0000 c083 f0f0 fcfc 0000
00042d0 0f07 120f 3813 ff70 0f07 0d00 070c 020f
00042e0 1edf 1f1f 0f1f 0107 f301 1f5f 4f1f c037
00042f0 f080 4000 7820 fc00 f080 b8c0 80dc 00f0
0004300 e0f0 f0e0 fefa d8fc e78f f0e0 88c8 0010
0004310 0000 0807 2010 4040 0000 0700 1008 2020
0004320 4040 1020 0708 0000 2020 0810 0007 0000
0004330 0000 10e0 0408 0202 0000 e000 0810 0404
0004340 0202 0804 e010 0000 0404 1008 00e0 0000
0004350 0000 0000 0403 1008 0000 0000 0300 0804
0004360 0810 0304 0000 0000 0408 0003 0000 0000
0004370 0000 0000 20c0 0810 0000 0000 c000 1020
0004380 1008 c020 0000 0000 2010 00c0 0000 0000
0004390 0000 0000 0000 0100 0000 0000 0000 0000
00043a0 0102 0000 0000 0000 0001 0000 0000 0000
00043b0 0000 0000 0000 0000 0000 0000 0000 0000
00043c0 0080 0000 0000 0000 0000 0000 0000 0000
00043d0 0000 0100 1021 0000 0100 4001 0000 0000
00043e0 0060 1000 0121 0000 0080 0000 4000 0101
00043f0 0000 0000 1008 0000 0000 0400 0000 0000
0004400 000c 1000 0008 0000 0002 0000 0400 0000
0004410 0204 0001 0000 0000 070f 0003 0100 0101
0004420 0000 0000 0000 0301 0000 0000 0000 0301
0004430 0707 0307 0001 0000 0707 0707 0103 0000
0004440 0000 0000 0000 0000 0000 0000 0000 0000
0004450 4200 ff39 ffff ffff ffff ffff ffff ffff
0004460 3f7f 0f1f ff1f ffff 7fff 1f3f ff1f ffff
0004470 f7f8 ffef feff 3e7e ffff ffff ffff 7fff
0004480 0007 0000 0000 0000 0307 0103 0000 0000
0004490 0000 c000 f0e0 f6db 8000 c080 f0e0 ffff
00044a0 e0cb 02c4 e1d1 83d1 ffff ffff ffff ffff
00044b0 ff0f 8fe0 446e 60ee ffff f0ff 0080 9f00
00044c0 e083 c6e4 3361 0f1f ffff f9f9 3f7f 0f1f
00044d0 0000 0300 0f07 a75b 0100 0301 0f07 ffff
00044e0 0773 4027 878b c18b ffff ffff ffff ffff
00044f0 fff0 e10f 44ec 0cee ffff 1fff 0103 f301
0004500 0e80 c64e 980c e0f0 ffff 3f3f f8fc e0f0
0004510 4200 ff9c ffff ffff ffff ffff ffff ffff
0004520 fcfe f0f8 fff8 ffff feff f8fc fff8 ffff
0004530 ef1f fff7 feff 707c ffff ffff ffff fcfe
0004540 00e0 0000 0000 0000 80e0 0080 0000 0000
0004550 4020 0080 0000 0000 e0f0 00c0 8000 8080
0004560 0000 0000 0000 c080 0000 0000 0000 c080
0004570 e0e0 c0e0 0080 0000 e0e0 e0e0 80c0 0000
0004580 0000 0000 0000 0000 0000 0000 0000 0000
0004590 ffff ffff ffff ffff ffff ffff ffff ffff
*
0004610 0000 3f1f 7f3f 7f7f 0f00 5c28 7f3f 7f7f
0004620 3e7f 1f1f 0f0f 070f 3e7f 1f1f 0008 0000
0004630 6000 f8f0 f8f8 fcfc 8000 c440 fef6 fcfc
0004640 f0f8 e0f0 8080 c0c0 f0f8 0000 0080 0000
0004650 1f00 7f3f ffff 0f3e 1c00 7f3f ffff 703e
0004660 0000 0100 0000 0000 0000 0000 0000 0000
0004670 e000 fcf0 fefe fcff 6000 f8f0 fcfc fffc
0004680 fc7c f0f8 00e0 0000 fc7c 0088 0000 0000
0004690 0700 0f07 000f 3f1f 0700 0003 0700 0404
00046a0 7f7f 1f1f 1e1f 1f0f 9e0c 1fff 1e1f 000f
00046b0 e000 f0e0 00f0 fcf8 e000 00c0 e000 2020
00046c0 fefe f8f8 78f8 f8f0 7930 f8ff 78f8 00f0
00046d0 0703 0805 191b 3f05 0703 0702 4604 c2e3
00046e0 0f3f 3705 3f3f 1c3e 0742 0707 0307 0002
00046f0 f0e0 0850 cc6c fed0 f0e0 f0a0 3290 21e3
0004700 f8fe fbd0 ffff 0c3e 7020 f8f0 f0f8 0030
0004710 0000 f979 fff3 3f7b 0100 0000 1e00 3e7f
0004720 3f3f 7f7b f1fb 3879 3e3c 7e7f 0018 0000
0004730 0000 b080 c6b8 f793 e0c0 0040 3a00 4bef
0004740 f7e3 c693 b0b8 0080 4b5f 3aef 0000 c060
0004750 7c30 ffff 0bdf 7f1f 0c00 1f0f 0f1f 040e
0004760 0b7f 3633 0a10 070f c784 094c 050f 070f
0004770 7c38 fcfc a0ec fcf0 4000 e0c0 e0e0 42e0
0004780 a0fc d898 a010 c0e0 c743 2062 40e0 c0e0
0004790 0100 1d0d c963 c7ef 0403 0000 f75c fad2
00047a0 c9ef 1d63 010d 0000 f7d2 005c 0200 0307
00047b0 9e1c df8f defe fcfc 0000 1800 fe7e 3c7c
00047c0 defc cfff 9e9f 0000 fe7c 0078 0000 0080
00047d0 0000 0000 3f1e 787d 0000 0001 2000 787c
00047e0 fb7c ffff 1f5f 1f1f fe7c feff 607c e1e0
00047f0 0000 0000 8000 0080 827c 8201 007c 0000
0004800 2100 a3a2 8fb3 fe27 1910 df5a 734f 02db
0004810 0000 0000 0f03 1f1f 0000 0300 100c 2022
0004820 1f1f 030f 0000 0000 2321 0c10 0003 0000
0004830 0000 0000 f0c0 f8f8 0000 c000 0830 c464
0004840 f8f8 c0f0 0000 0000 0484 3008 00c0 0000
0004850 0000 0000 0f03 1f1f 0000 0300 100c 2326
0004860 1f1f 030f 0000 0000 2021 0c10 0003 0000
0004870 0000 0000 f0c0 f8f8 0000 c000 0830 0444
0004880 f8f8 c0f0 0000 0000 c484 3008 00c0 0000
0004890 0000 0000 0f03 1f1f 0000 0300 100c 2120
00048a0 1f1f 030f 0000 0000 2623 0c10 0003 0000
00048b0 0000 0000 f0c0 f8f8 0000 c000 0830 84c4
00048c0 f8f8 c0f0 0000 0000 4404 3008 00c0 0000
00048d0 0000 0000 0f03 1f1f 0000 0300 100c 2123
00048e0 1f1f 030f 0000 0000 2220 0c10 0003 0000
00048f0 0000 0000 f0c0 f8f8 0000 c000 0830 8404
0004900 f8f8 c0f0 0000 0000 64c4 3008 00c0 0000
0004910 0000 0f00 6030 7f3f 0000 0000 3f2f 2060
0004920 3f7f 3060 000f 0000 6020 2f3f 0000 0000
0004930 0000 f800 0306 fffe 0000 0000 fefa 0203
0004940 feff 0603 00f8 0000 0302 fafe 0000 0000
0004950 0000 0000 3f2f 2060 0000 0f00 6030 7f3f
0004960 6020 2f3f 0000 0000 3f7f 3060 000f 0000
0004970 0000 0000 fefa 0203 0000 f800 0306 fffe
0004980 0302 fafe 0000 0000 feff 0603 00f8 0000
0004990 4400 4100 4b20 1f27 0000 4000 0020 0100
00049a0 1e0f 1f1f 0f1f 030f 0703 0606 0307 0000
00049b0 2000 2050 4860 f0e0 0000 0040 0800 4000
00049c0 78f8 3c3c fc3c e0f8 f0e0 d0d0 e0f0 0000
00049d0 0110 0c2a 17a6 1f1f 0000 0002 0080 0703
00049e0 3c5e 3d3d 1f3e 070f 0f07 0e0e 070f 0003
00049f0 0000 c880 e060 f8f4 0000 0800 8000 c024
0004a00 1c7c 2e2e fc1e e0f8 f8f0 d8d8 f0f8 00c0
0004a10 ffff 6c38 83c6 ffff ffff 6c38 83c6 ffff
*
0004a30 5492 fe38 5438 0092 0000 0000 0000 0000
0004a40 ffff ffff ffff ffff ffff ffff ffff ffff
*
0004a90 0000 0000 2300 2f97 0000 0000 0000 0301
0004aa0 ef6e fff7 3f7f 0f5f 0707 2703 071f 0000
0004ab0 0000 0000 fcf8 5efe 0000 0000 f000 acf8
0004ac0 0c5e fe9e fefe c0f8 f8ac f8f8 c0f0 0000
0004ad0 0000 0000 0300 2f07 0000 0000 0000 0301
0004ae0 6e4e 7ffe 1f3f 030f 0707 2707 071f 0001
0004af0 0000 0000 fcf8 56fe 0000 0000 f000 acf8
0004b00 0c56 1f0e ffff f8fe f8ac fcf8 f8fc 00f0
0004b10 ffff ffff ffff ffff ffff ffff ffff ffff
*
0004b90 0700 1008 2010 2020 0700 1008 2010 2020
0004ba0 2f1f 3a37 3e3d 003f 3f1f 3f3f 3f3e 003f
0004bb0 0500 3319 c763 c4c7 0700 3f1f ff7f ddff
0004bc0 0080 0000 0300 0003 0189 0101 0001 0000
0004bd0 0000 0000 0000 0000 0000 0000 0000 0703
0004be0 0000 000f 6380 001e 0f0f 1f00 1c7f 0000
0004bf0 0301 3c19 2319 2051 0201 2419 2219 2c11
0004c00 0000 0000 0000 0000 071f 0303 0101 0001
0004c10 3f00 001f 0001 0001 0000 0100 0703 190d
0004c20 0011 0001 0001 3f1f 1929 070d 0103 0000
0004c30 fc00 00f8 0080 0080 0000 8000 e0c0 98b0
0004c40 0088 0080 0080 fcf8 9894 e0b0 80c0 0000
0004c50 0000 0000 3f00 001f 0000 0000 0000 0100
0004c60 0101 0141 0001 3f1f 790f 79a1 010f 0000
0004c70 0000 0000 fc00 00f8 0000 0000 0000 8000
0004c80 8080 8082 0080 fcf8 9ef0 9e85 80f0 0000
0004c90 0000 1e00 3f3f 3f3f 0000 1e00 3f3f 3f3f
0004ca0 0f1f 0307 0001 0000 0f1f 0307 0001 0000
0004cb0 0000 3c00 fe7e fefe 0000 3c00 fe7e fefe
0004cc0 f8fc e0f0 80c0 0000 f8fc e0f0 80c0 0000
0004cd0 ffff ffff ffff ffff ffff ffff ffff ffff
*
0004d10 1908 0909 0909 001c 0000 0000 0000 0000
0004d20 0538 1905 0505 0038 0000 0000 0000 0000
0004d30 213c 3d21 0505 0038 0000 0000 0000 0000
0004d40 2518 1925 2525 0018 0000 0000 0000 0000
0004d50 29c6 2929 2929 00c6 0000 0000 0000 0000
0004d60 0000 0000 0000 0000 0000 0100 6303 1f31
0004d70 0000 0000 b63c f87c 0000 fefc 40c0 0080
0004d80 0303 0703 1b0c 0777 3f7f 0753 1b0c 0707
0004d90 0f0f 3f1f 3f7f 0000 0f0f 3803 0e3f 0e1c
0004da0 f0e0 f0f0 fc18 fcfc 9000 f0f0 fc18 f8f0
0004db0 fcf8 ffff f0fe 0000 f0f8 3d87 1cfe 0008
0004dc0 0303 0303 0001 1f07 3f7f 0353 0001 1f07
0004dd0 ffff 3f7f 030f 0000 63cf 3e38 307b 0018
0004de0 f0e0 e0f0 3cfe fcf0 9000 e0f0 38f8 f0f0
0004df0 f8fc f8f8 f8f8 00f8 f8f8 38f8 f880 5c00
0004e00 ffff ffff ffff ffff ffff ffff ffff ffff
*
0004ed0 0100 3303 0f19 1f3f 0100 3303 0f19 1f3f
0004ee0 072b 0d05 1b0b 3b1b 072b 0d05 1b0b 031b
0004ef0 0009 0707 0d0f 0001 0001 0503 0d0e 0001
0004f00 fcf8 ecf8 f0f8 c0c0 fcf8 40c0 8080 8000
0004f10 f8f0 e8f8 e6cc fffb f8d0 e8f8 e6cc fef8
0004f20 feff fefe 8ffe 0000 fefe f806 800e 0000
0004f30 0f01 0000 1e04 0300 0f01 1d07 013b 020f
0004f40 0f07 0f1f 0f07 030f 0302 7702 0117 0000
0004f50 f0e0 48f0 9cc8 f000 f0e0 b000 6030 10f0
0004f60 fcf8 f8fc 78f8 6070 f030 fcd0 08fe 0000
0004f70 0000 8a7c fefe fefe 1000 7400 0000 0000
0004f80 7cfe 0000 0000 0000 0000 1010 1010 1010
0004f90 0b07 0b0f 0b0b 070b 0400 1400 0404 0004
0004fa0 e0c0 e0e0 e0e0 c0e0 0000 1f00 0000 0000
0004fb0 0703 0707 0707 0307 0000 f800 0000 0000
0004fc0 d0e0 d0d0 f0d0 e0d0 2000 2820 0020 0020
0004fd0 0100 3713 743b 3e7a 0000 2508 5312 3933
0004fe0 98d8 d8a8 74da c828 8008 9c30 b8ca 7898
0004ff0 5908 7130 2b79 1636 0800 4000 3100 193d
0005000 c4c6 cccc 7cb8 c8ec 8000 c0c0 88c0 b8b8
0005010 4c38 c6c6 64c6 0038 0000 0000 0000 0000
0005020 3818 1818 1818 007e 0000 0000 0000 0000
0005030 c67c 3c0e e078 00fe 0000 0000 0000 0000
0005040 0c7e 3c18 c606 007c 0000 0000 0000 0000
0005050 3c1c cc6c 0cfe 000c 0000 0000 0000 0000
0005060 c0fc 06fc c606 007c 0000 0000 0000 0000
0005070 603c fcc0 c6c6 007c 0000 0000 0000 0000
0005080 c6fe 180c 3030 0030 0000 0000 0000 0000
0005090 c478 78e4 8686 007c 0000 0000 0000 0000
00050a0 c67c 7ec6 0c06 0078 0000 0000 0000 0000
00050b0 6c38 c6c6 c6fe 00c6 0000 0000 0000 0000
00050c0 c6fc fcc6 c6c6 00fc 0000 0000 0000 0000
00050d0 663c c0c0 66c0 003c 0000 0000 0000 0000
00050e0 ccf8 c6c6 ccc6 00f8 0000 0000 0000 0000
00050f0 c0fe fcc0 c0c0 00fe 0000 0000 0000 0000
0005100 c0fe fcc0 c0c0 00c0 0000 0000 0000 0000
0005110 603e dec0 66c6 007e 0000 0000 0000 0000
0005120 c6c6 fec6 c6c6 00c6 0000 0000 0000 0000
0005130 187e 1818 1818 007e 0000 0000 0000 0000
0005140 061e 0606 c6c6 007c 0000 0000 0000 0000
0005150 ccc6 f0d8 dcf8 00ce 0000 0000 0000 0000
0005160 6060 6060 6060 007e 0000 0000 0000 0000
0005170 eec6 fefe c6d6 00c6 0000 0000 0000 0000
0005180 e6c6 fef6 cede 00c6 0000 0000 0000 0000
0005190 c67c c6c6 c6c6 007c 0000 0000 0000 0000
00051a0 c6fc c6c6 c0fc 00c0 0000 0000 0000 0000
00051b0 c67c c6c6 ccde 007a 0000 0000 0000 0000
00051c0 c6fc cec6 dcf8 00ce 0000 0000 0000 0000
00051d0 cc78 7cc0 c606 007c 0000 0000 0000 0000
00051e0 187e 1818 1818 0018 0000 0000 0000 0000
00051f0 c6c6 c6c6 c6c6 007c 0000 0000 0000 0000
0005200 c6c6 eec6 387c 0010 0000 0000 0000 0000
0005210 c6c6 fed6 eefe 00c6 0000 0000 0000 0000
0005220 eec6 387c ee7c 00c6 0000 0000 0000 0000
0005230 6666 3c66 1818 0018 0000 0000 0000 0000
0005240 0efe 381c e070 00fe 0000 0000 0000 0000
0005250 0000 0000 0000 0000 0000 0000 0000 0000
0005260 0000 0e06 0808 0808 0000 0000 0000 0000
0005270 7800 7965 6565 0078 0000 0000 0000 0000
0005280 e400 9696 9697 00e6 0000 0000 0000 0000
0005290 5900 5959 d959 004e 0000 0000 0000 0000
00052a0 3c00 7070 0c3c 0078 0000 0000 0000 0000
00052b0 0000 eec6 2828 2828 0000 0000 0000 0000
00052c0 0808 0808 060e 0000 0000 0000 0000 0000
00052d0 2828 2828 c6ee 0000 0000 0000 0000 0000
00052e0 0000 7060 1010 1010 0000 0000 0000 0000
00052f0 3e1c 383c 0030 0060 0000 0000 0000 0000
0005300 1010 1010 6070 0000 0000 0000 0000 0000
0005310 ffff 6c38 83c6 ffff 0000 0000 0000 0000
0005320 38ff c66c ff83 00ff 0000 0000 0000 0000
0005330 6c38 83c6 ffff 0000 0000 0000 0000 0000
0005340 c66c ff83 00ff 0000 0000 0000 0000 0000
0005350 83c6 ffff 0000 0000 0000 0000 0000 0000
0005360 ff83 00ff 0000 0000 0000 0000 0000 0000
0005370 ffff 0000 0000 0000 0000 0000 0000 0000
0005380 00ff 0000 0000 0000 0000 0000 0000 0000
0005390 0000 0000 0000 ff00 0000 0000 0000 0000
00053a0 0000 0000 0000 ffff 0000 0000 0000 0000
00053b0 0000 0000 ff00 38ff 0000 0000 0000 0000
00053c0 0000 0000 ffff 6c38 0000 0000 0000 0000
00053d0 0000 ff00 38ff c66c 0000 0000 0000 0000
00053e0 0000 ffff 6c38 83c6 0000 0000 0000 0000
00053f0 ff00 38ff c66c ff83 0000 0000 0000 0000
0005400 0000 0000 0000 0000 ff81 8181 ff81 8181
0005410 0000 0000 0000 ff00 ff81 8181 ff81 0081
0005420 0000 0000 ff00 38ff ff81 8181 0081 0000
0005430 0000 0000 ffff 6c38 ff81 8181 0000 0000
0005440 0000 ff00 38ff c66c ff81 0081 0000 0000
0005450 0000 ffff 6c38 83c6 ff81 0000 0000 0000
0005460 ff00 38ff c66c ff83 0081 0000 0000 0000
0005470 38ff c66c ff83 00ff 0000 0000 0000 8100
0005480 6c38 83c6 ffff 0000 0000 0000 0000 8181
0005490 c66c ff83 00ff 0000 0000 0000 ff00 8181
00054a0 83c6 ffff 0000 0000 0000 0000 ff81 8181
00054b0 ff83 00ff 0000 0000 0000 8100 ff81 8181
00054c0 ffff 0000 0000 0000 0000 8181 ff81 8181
00054d0 5fbf 5f5f 5f00 5551 7fff 7f7f 7f7f 7f7f
00054e0 5f51 5f00 5f5f bf5f 7f7f 7f7f 7f72 ff7f
00054f0 feff fefe fe00 2626 feff fefe fefe fefe
0005500 fe22 fe00 fefe fffe fefe fefe fe4a fffe
0005510 0007 1f0f 1f1f 1f1f 0f05 1b0b 1313 1313
0005520 1f1f 1f1f 0f1f 0700 1313 1313 0b1b 050f
0005530 0007 1f0f 1f1f 1f1f 0f05 1b0b 1313 1313
0005540 1f1f 1f1f 0f1f 0700 1313 1313 0b1b 050f
0005550 00e0 fbf1 fbfb fbfb f1a0 dbd1 caca caca
0005560 fbfb fbfb f1fb e000 caca caca d1db a0f1
0005570 00e0 fbf1 fbfb fbfb f1a0 dbd1 caca caca
0005580 fbfb fbfb f1fb e000 caca caca d1db a0f0
0005590 00fc fffe ffff ffff feb4 7b7a 7979 7979
00055a0 ffff ffff feff fc00 7979 7979 7a7b b4fe
00055b0 00fc fffe ffff ffff feb4 7b7a 7979 7979
00055c0 ffff ffff feff fc00 7979 7979 7a7b b4fe
00055d0 0000 101f 1f10 0000 bf7f b2ff ffb1 7fbf
00055e0 0000 08f8 f808 0000 fdfe cdff ff6d fefd
00055f0 0100 0202 08f1 0304 ffff feae 0fff 0307
0005600 8000 4040 108f c020 ffff 7f75 f0ff c0e0
0005610 0403 f108 0202 0001 0703 ff0f aefe ffff
0005620 20c0 8f10 4040 0080 e0c0 fff0 757f ffff
0005630 ffff 81c3 c381 ffff 00ff 81c3 c381 00ff
0005640 99ff 0000 8100 8181 6681 7e7e ff7e 7eff
0005650 0000 0000 6060 0000 0000 0000 0000 0000
0005660 0000 0000 6c6c 0008 0000 0000 0000 0000
0005670 183c 1818 1818 003c 0000 0000 0000 0000
0005680 66ff 6666 6666 ff66 0000 0000 0000 0000
0005690 0103 0000 0000 0000 0103 0000 0000 0000
00056a0 d183 d1e1 8402 cef0 ffff ffff ffff ffff
00056b0 80c0 0000 0000 0000 80c0 0000 0000 0000
00056c0 8bc1 8b87 2140 d30f ffff ffff ffff ffff
00056d0 ffff 1fff 1e0f 7f3f ffff 1fff 3f1f ff7f
00056e0 ffff f8ff 78f0 fefc ffff f8ff fcf8 fffe
00056f0 0000 0000 3c00 8142 0000 0000 3c00 8142
0005700 bd81 ff7e ffe7 ffff bd81 a57e e7db ffff
0005710 0701 3f1f ff7f ddff 0500 3319 c763 c4c7
0005720 0189 0101 0101 0000 0080 0100 0101 0000
0005730 e080 fcf8 fffe 3bff a000 cc98 e3c6 23e3
0005740 0011 0000 4000 0080 0001 0000 4000 0080
0005750 0101 0101 0101 0101 0101 0101 0101 0101
0005760 8080 8080 8080 8080 8080 8080 8080 8080
0005770 0301 0000 1903 0000 0301 0703 1c04 7f3f
0005780 0000 027c 0001 0000 ff7f 7fff 1f7f 0003
0005790 0000 0101 0703 0f07 0000 0101 0703 0f07
00057a0 070f 070f 1001 0020 ffff 3f3f fe7f 30fc
00057b0 fef8 1f7f 190f 7030 fef8 ffff ffff ffff
00057c0 73fb 0f27 1f1f 7f3f ffff ffff ffff 7fff
00057d0 ffff ffff fdfe f6f8 ffff ffff ffff ffff
00057e0 cfef 1f9f 2d0f 4050 cfef 1f9f 7f0f ffff
00057f0 0000 0000 fee0 f3ff 0000 f000 fffe ffff
0005800 fbfb fbfb f3fb e7f7 ffff ffff ffff ffff
0005810 9fcf 3f3f 0f3f 0003 ffff ffff ffff ffff
0005820 f0c0 f0fc 98f0 0008 ffff f0ff f8f0 f8f8
0005830 0000 0000 0000 c080 0000 0000 8000 e0c0
0005840 e0e0 f0f0 f0f0 f8f8 f0f0 f8f8 fcf8 fefc
0005850 fffe ffff ffff ffff ffff ffff ffff ffff
0005860 1f3f 0f1f 0007 0000 ffff 0fff 0007 0000
0005870 0000 e0c0 f0f0 f8f0 8000 e0c0 f0f0 fcf0
0005880 fff9 ffff 0eff 1402 ffff ffff 0fff 3f1f
0005890 a080 2020 80a0 0000 e0c0 e0e0 c0e0 80c0
00058a0 0501 0404 0105 0000 0703 0707 0307 0103
00058b0 0000 0703 0f0f 0f0f 0100 0703 0f0f 3f0f
00058c0 ff9f ffff 70ff 2840 ffff ffff f0ff fcf8
00058d0 0000 0000 0000 0301 0000 0000 0100 0703
00058e0 0707 0f0f 0f0f 1f1f 0f0f 1f1f 3f1f 7f3f
00058f0 ff7f ffff ffff ffff ffff ffff ffff ffff
0005900 f8fc f0f8 00e0 0000 ffff f0ff 00e0 0000
0005910 0000 0000 7f07 cfff 0000 0f00 ff7f ffff
0005920 dfdf dfdf cfdf e7ef ffff ffff ffff ffff
0005930 f9f3 fcfc f0fc 00c0 ffff ffff ffff ffff
0005940 0f03 0f3f 190f 0010 ffff 0fff 1f0f 1f1f
0005950 7f1f f8fe 98f0 0e0c 7f1f ffff ffff ffff
0005960 cedf f0e4 f8f8 fefc ffff ffff ffff feff
0005970 ffff ffff bf7f 6f1f ffff ffff ffff ffff
0005980 f3f7 f8f9 b4f0 020a f3f7 f8f9 fef0 ffff
0005990 c080 0000 98c0 0000 c080 e0c0 3820 fefc
00059a0 0000 403e 0080 0000 fffe feff f8fc 00c0
00059b0 0000 8080 e0c0 f0e0 0000 8080 e0c0 f0e0
00059c0 e0f0 e0f0 0880 0004 ffff fcfc 7efe 0c3f
00059d0 0000 0301 0303 0707 0100 0703 0707 0f0f
00059e0 0307 0303 0303 0103 0f0f 0707 0307 0103
00059f0 0000 0000 0100 0402 0101 0001 0300 0f07
0005a00 0000 0000 0000 3b1c 0000 0000 0301 7f3f
0005a10 fe7e ffff ffff f9fd ffff ffff ffff f9fd
0005a20 f7f3 eef6 fcfd e1f8 fff3 ffff ffff ffff
0005a30 cbd3 e1c3 39f9 0042 ffff ffff ffff ffff
0005a40 0f07 3019 7263 0170 0f07 3f1f fcfc ffff
0005a50 1f00 c020 f0c0 ffff ffff ffff ffff ffff
0005a60 c1ab 9181 fc82 cee0 ffff ffff ffff ffff
0005a70 dae5 e0f0 00c0 0000 ffff e0f0 80c0 0080
0005a80 f8f0 86cc 2662 c006 f8f0 fefc 9f9f ffff
0005a90 fc00 0306 0701 ffff ffff ffff ffff ffff
0005aa0 83d5 8981 3f41 d307 ffff ffff ffff ffff
0005ab0 db6f 070f 0003 0000 ffff 070f 0103 0001
0005ac0 0000 0000 0000 dc38 0000 0000 c080 fefc
0005ad0 7f7e ff7f ffff 9fbf ffff ffff ffff 9fbf
0005ae0 efcf 776f 3fbf 871f ffcf ffff ffff ffff
0005af0 d3cb 87c3 9c9f 0042 ffff ffff ffff ffff
0005b00 0000 c080 c0c0 e0e0 8000 e0c0 e0e0 f0f0
0005b10 c0e0 c0c0 c0c0 80c0 f0f0 e0e0 c0e0 80c0
0005b20 0000 0000 8000 2040 8080 0080 c000 f0e0
0005b30 0000 0100 0703 0707 0000 0301 0707 0707
0005b40 0103 0000 0000 0101 0103 0000 0100 0303
0005b50 0101 0307 0004 0000 0303 1f07 3f3f 0000
0005b60 0000 0000 0000 0700 0000 0000 0301 0f03
0005b70 3e0e ff7f efff f8f7 7f3f ffff ffff ffff
0005b80 ffff 1fff 7f1f feff ffff 1fff ff7f ffff
0005b90 ffff fcff 80f8 0000 ffff fcff f8f8 0000
0005ba0 7f30 3f7f f087 ffff 88cf c8dd fff8 ffff
0005bb0 dae5 00c0 0000 0000 ffff 00c0 0000 0000
0005bc0 ff06 feff 07f1 ffff 88f9 89dd ff0f ffff
0005bd0 0100 0702 0000 ff20 0703 070f c387 ffe0
0005be0 7f7f ff7f ffff feff ffff ffff ffff feff
0005bf0 b8fc 7878 78b0 fefc f8fc f8f8 fcf8 fffe
0005c00 ffff ffff 9cff 0042 ffff ffff ffff ffff
0005c10 0000 4020 1e8a be7e f0c0 fcfc fefe fefe
0005c20 ffdf fcfe e0f0 0080 ffff fcfe e0f0 0080
0005c30 0000 0204 7851 fd7e 0f03 3f3f 7f7f ff7e
0005c40 fffb 3f7f 070f 0001 ffff 3f7f 070f 0001
0005c50 8000 e040 0000 ff04 e0c0 e0f0 c3e1 ff07
0005c60 fefe fffe ffff 7fff ffff ffff ffff 7fff
0005c70 1d3f 1e1e 1e0d 7f3f 1f3f 1f1f 3f1f ff7f
0005c80 ffff ffff 39ff 0042 ffff ffff ffff ffff
0005c90 db6f 0003 0000 0000 ffff 0003 0000 0000
0005ca0 0000 0000 0000 e000 0000 0000 c080 f0c0
0005cb0 7c70 ff7e f7ff 1fef fefc ffff ffff ffff
0005cc0 ffff f8ff fef8 ffff ffff f8ff fffe ffff
0005cd0 ffff 3fff 011e 0000 ffff 3fff 1f1f 0000
0005ce0 0000 8000 e0c0 e0e0 0000 c080 e0e0 e0e0
0005cf0 80c0 0000 0000 8080 80c0 0000 8000 c0c0
0005d00 8080 c0e0 0020 0000 c0c0 f8e0 fcfc 0000
0005d10 061f 0606 0606 0006 0000 0000 0000 0000
0005d20 6539 6565 6565 0039 0000 0000 0000 0000
0005d30 b0e0 b6b0 80e6 0080 0000 0000 0000 0000
0005d40 423c a199 99a1 3c42 0000 0000 0000 0000
0005d50 0000 0300 0006 0701 0000 0000 0703 0703
0005d60 1f0f 7f3f 7f7f 7fff 3f1f ff7f ffff 7fff
0005d70 0000 8000 0000 a000 0000 c000 f0e0 f8f0
0005d80 f0e0 dde0 ebfa 0080 f8fc fff0 ffff ffff
0005d90 0000 0300 0006 0101 0000 0000 0703 1f0f
0005da0 070b 5d03 53af 0000 1f3f ff07 ffff ffff
0005db0 0000 8000 0000 f060 0000 c000 c0c0 f8e0
0005dc0 fcf8 fefc fffe 7eff fefc fffe ffff feff
0005dd0 0000 0000 0000 3f21 3636 7f7e 7f7f 3f3f
0005de0 1f3f 0f1f 0307 0000 1f3f 0f1f 0307 0000
0005df0 1e3e 0e1e 1f0f 9f9f 1f3f cfdf 9fcf ffdf
0005e00 ffdf ffff dfff 00e7 ffff ffff ffff 0fff
0005e10 0f20 4030 3e98 001f ffff ffff ffff ffff
0005e20 3681 af2e d1ae 87ef f9ff f0f0 dfb1 87ef
0005e30 f802 0106 3e0c 00fc ffff ffff ffff ffff
0005e40 36c0 7a3e cdb6 f0fb cfff 8787 fdce f0fb
0005e50 3c3e 383c 7cf8 787e fcfe f8fc fdfb fffe
0005e60 7ff8 fe7f ffff 81f3 ffff ffff ffff f9ff
0005e70 0000 1000 2040 0000 0000 7800 fcfc fcfc
0005e80 0e06 fe7e fcfe f0f8 fefe fefe fcfe f0f8
0005e90 0000 0000 0000 0100 0000 0000 0000 0000
0005ea0 0002 0108 0113 0000 0f01 1f1f 333b 0101
0005eb0 0000 0000 0000 0000 0000 3600 fd6c ffff
0005ec0 4300 7f7f 3f7f 071f 7fff 7f7f 3f7f 071f
0005ed0 0000 0000 0000 00c0 0000 0000 0000 e000
0005ee0 3810 ffbf ffff ffff fff8 ffff ffff ffff
0005ef0 1e7e 0e1e 1e0f 3e1e 7fff 0f1f 9f0f bf9f
0005f00 7f7f ffbf ffff c0e7 ff7f ffff ffff cfff
0005f10 0000 fd10 ebfa 0080 0000 fff0 ffff ffff
0005f20 1f20 8e60 7f3f 7c7f ffff f1ff eec4 83c4
0005f30 3639 af2e d1ae 87ef f9c7 f0f0 dfb1 87ef
0005f40 0000 5f04 53af 0000 0000 ff07 ffff ffff
0005f50 fc02 3803 fffe 1eff ffff c7ff ee45 e144
0005f60 36c0 7a3e cdb6 f0fb cfff 8787 fdce f0fb
0005f70 0000 0000 0e00 0808 0000 0000 0100 0f07
0005f80 3f1f ffff ffff 7fff ff3f ffff ffff ffff
0005f90 3e3f b83c 7878 7e7e ffff f8fd ffff fffe
0005fa0 79fd ff7b ffff 80f3 ffff ffff ffff f8ff
0005fb0 0000 0000 0000 0000 0000 0000 0000 f0c0
0005fc0 8410 c0e0 8080 0000 fefc e0ec c0c0 8080
0005fd0 4800 0020 0400 fe0e fc70 fcfc fcfc fefe
0005fe0 fcfe f8fc e0f0 0080 fcfe f8fc e0f0 0080
0005ff0 060f 0606 0606 000f 0000 0000 0000 0000
0006000 60f0 6660 6066 00f0 0000 0000 0000 0000
0006010
